<<<<<<< HEAD
This is pdfTeX, Version 3.14159265-2.6-1.40.21 (TeX Live 2020/Debian) (preloaded format=pdflatex 2020.5.28)  9 JUN 2020 10:56
entering extended mode
 restricted \write18 enabled.
 %&-line parsing enabled.
**memoire.tex
(./memoire.tex
LaTeX2e <2020-02-02> patch level 5
L3 programming layer <2020-04-06>
(/usr/share/texlive/texmf-dist/tex/latex/base/report.cls
Document Class: report 2019/12/20 v1.4l Standard LaTeX document class
(/usr/share/texlive/texmf-dist/tex/latex/base/size10.clo
File: size10.clo 2019/12/20 v1.4l Standard LaTeX file (size option)
)
\c@part=\count167
\c@chapter=\count168
\c@section=\count169
\c@subsection=\count170
\c@subsubsection=\count171
\c@paragraph=\count172
\c@subparagraph=\count173
\c@figure=\count174
\c@table=\count175
\abovecaptionskip=\skip47
\belowcaptionskip=\skip48
\bibindent=\dimen134
)
(/usr/share/texlive/texmf-dist/tex/latex/base/inputenc.sty
Package: inputenc 2018/08/11 v1.3c Input encoding file
\inpenc@prehook=\toks15
\inpenc@posthook=\toks16
)
(/usr/share/texlive/texmf-dist/tex/latex/eurosym/eurosym.sty
Package: eurosym 1998/08/06 v1.1 European currency symbol ``Euro''
\@eurobox=\box45
)
(/usr/share/texlive/texmf-dist/tex/latex/geometry/geometry.sty
Package: geometry 2020/01/02 v5.9 Page Geometry

(/usr/share/texlive/texmf-dist/tex/latex/graphics/keyval.sty
Package: keyval 2014/10/28 v1.15 key=value parser (DPC)
\KV@toks@=\toks17
)
(/usr/share/texlive/texmf-dist/tex/generic/iftex/ifvtex.sty
Package: ifvtex 2019/10/25 v1.7 ifvtex legacy package. Use iftex instead.

(/usr/share/texlive/texmf-dist/tex/generic/iftex/iftex.sty
Package: iftex 2020/03/06 v1.0d TeX engine tests
))
\Gm@cnth=\count176
\Gm@cntv=\count177
\c@Gm@tempcnt=\count178
\Gm@bindingoffset=\dimen135
\Gm@wd@mp=\dimen136
\Gm@odd@mp=\dimen137
\Gm@even@mp=\dimen138
\Gm@layoutwidth=\dimen139
\Gm@layoutheight=\dimen140
\Gm@layouthoffset=\dimen141
\Gm@layoutvoffset=\dimen142
\Gm@dimlist=\toks18
)
(/usr/share/texlive/texmf-dist/tex/latex/graphics/graphicx.sty
Package: graphicx 2019/11/30 v1.2a Enhanced LaTeX Graphics (DPC,SPQR)

(/usr/share/texlive/texmf-dist/tex/latex/graphics/graphics.sty
Package: graphics 2019/11/30 v1.4a Standard LaTeX Graphics (DPC,SPQR)

(/usr/share/texlive/texmf-dist/tex/latex/graphics/trig.sty
Package: trig 2016/01/03 v1.10 sin cos tan (DPC)
)
(/usr/share/texlive/texmf-dist/tex/latex/graphics-cfg/graphics.cfg
File: graphics.cfg 2016/06/04 v1.11 sample graphics configuration
)
Package graphics Info: Driver file: pdftex.def on input line 105.

(/usr/share/texlive/texmf-dist/tex/latex/graphics-def/pdftex.def
File: pdftex.def 2018/01/08 v1.0l Graphics/color driver for pdftex
))
\Gin@req@height=\dimen143
\Gin@req@width=\dimen144
)
(/usr/share/texlive/texmf-dist/tex/generic/babel/babel.sty
Package: babel 2020/03/22 3.42 The Babel package

(/usr/share/texlive/texmf-dist/tex/generic/babel/switch.def
File: switch.def 2020/03/22 3.42 Babel switching mechanism
)
(/usr/share/texlive/texmf-dist/tex/generic/babel-french/french.ldf
Language: french 2020/01/30 v3.5g French support from the babel system

(/usr/share/texlive/texmf-dist/tex/generic/babel/babel.def
File: babel.def 2020/03/22 3.42 Babel common definitions
\babel@savecnt=\count179
\U@D=\dimen145

(/usr/share/texlive/texmf-dist/tex/generic/babel/txtbabel.def)
\bbl@readstream=\read2
\bbl@dirlevel=\count180
)
Package babel Info: \l@acadian = using hyphenrules for french
(babel)             (\language3) on input line 91.
Package babel Info: \l@canadien = using hyphenrules for french
(babel)             (\language3) on input line 92.
\FB@nonchar=\count181
Package babel Info: Making : an active character on input line 419.
Package babel Info: Making ; an active character on input line 420.
Package babel Info: Making ! an active character on input line 421.
Package babel Info: Making ? an active character on input line 422.
\FBguill@level=\count182
\FBold@everypar=\toks19
\FB@Mht=\dimen146
\mc@charclass=\count183
\mc@charfam=\count184
\mc@charslot=\count185
\std@mcc=\count186
\dec@mcc=\count187
\c@FBcaption@count=\count188
\listindentFB=\dimen147
\descindentFB=\dimen148
\labelindentFB=\dimen149
\labelwidthFB=\dimen150
\leftmarginFB=\dimen151
\parindentFFN=\dimen152
\FBfnindent=\dimen153
))
(/usr/share/texlive/texmf-dist/tex/latex/carlisle/scalefnt.sty)
(/usr/share/texlive/texmf-dist/tex/latex/url/url.sty
\Urlmuskip=\muskip16
Package: url 2013/09/16  ver 3.4  Verb mode for urls, etc.
)
(/usr/share/texlive/texmf-dist/tex/latex/hyperref/hyperref.sty
Package: hyperref 2020/01/14 v7.00d Hypertext links for LaTeX

(/usr/share/texlive/texmf-dist/tex/generic/ltxcmds/ltxcmds.sty
Package: ltxcmds 2019/12/15 v1.24 LaTeX kernel commands for general use (HO)
)
(/usr/share/texlive/texmf-dist/tex/latex/pdftexcmds/pdftexcmds.sty
Package: pdftexcmds 2019/11/24 v0.31 Utility functions of pdfTeX for LuaTeX (HO
)

(/usr/share/texlive/texmf-dist/tex/generic/infwarerr/infwarerr.sty
Package: infwarerr 2019/12/03 v1.5 Providing info/warning/error messages (HO)
)
Package pdftexcmds Info: \pdf@primitive is available.
Package pdftexcmds Info: \pdf@ifprimitive is available.
Package pdftexcmds Info: \pdfdraftmode found.
)
(/usr/share/texlive/texmf-dist/tex/generic/kvsetkeys/kvsetkeys.sty
Package: kvsetkeys 2019/12/15 v1.18 Key value parser (HO)
)
(/usr/share/texlive/texmf-dist/tex/generic/kvdefinekeys/kvdefinekeys.sty
Package: kvdefinekeys 2019-12-19 v1.6 Define keys (HO)
)
(/usr/share/texlive/texmf-dist/tex/generic/pdfescape/pdfescape.sty
Package: pdfescape 2019/12/09 v1.15 Implements pdfTeX's escape features (HO)
)
(/usr/share/texlive/texmf-dist/tex/latex/hycolor/hycolor.sty
Package: hycolor 2020-01-27 v1.10 Color options for hyperref/bookmark (HO)
)
(/usr/share/texlive/texmf-dist/tex/latex/letltxmacro/letltxmacro.sty
Package: letltxmacro 2019/12/03 v1.6 Let assignment for LaTeX macros (HO)
)
(/usr/share/texlive/texmf-dist/tex/latex/auxhook/auxhook.sty
Package: auxhook 2019-12-17 v1.6 Hooks for auxiliary files (HO)
)
(/usr/share/texlive/texmf-dist/tex/latex/kvoptions/kvoptions.sty
Package: kvoptions 2019/11/29 v3.13 Key value format for package options (HO)
)
\@linkdim=\dimen154
\Hy@linkcounter=\count189
\Hy@pagecounter=\count190

(/usr/share/texlive/texmf-dist/tex/latex/hyperref/pd1enc.def
File: pd1enc.def 2020/01/14 v7.00d Hyperref: PDFDocEncoding definition (HO)
Now handling font encoding PD1 ...
... no UTF-8 mapping file for font encoding PD1
)
(/usr/share/texlive/texmf-dist/tex/generic/intcalc/intcalc.sty
Package: intcalc 2019/12/15 v1.3 Expandable calculations with integers (HO)
)
(/usr/share/texlive/texmf-dist/tex/generic/etexcmds/etexcmds.sty
Package: etexcmds 2019/12/15 v1.7 Avoid name clashes with e-TeX commands (HO)
)
\Hy@SavedSpaceFactor=\count191
Package hyperref Info: Option `colorlinks' set `true' on input line 4421.
Package hyperref Info: Hyper figures OFF on input line 4547.
Package hyperref Info: Link nesting OFF on input line 4552.
Package hyperref Info: Hyper index ON on input line 4555.
Package hyperref Info: Plain pages OFF on input line 4562.
Package hyperref Info: Backreferencing OFF on input line 4567.
Package hyperref Info: Implicit mode ON; LaTeX internals redefined.
Package hyperref Info: Bookmarks ON on input line 4800.
\c@Hy@tempcnt=\count192
LaTeX Info: Redefining \url on input line 5159.
\XeTeXLinkMargin=\dimen155

(/usr/share/texlive/texmf-dist/tex/generic/bitset/bitset.sty
Package: bitset 2019/12/09 v1.3 Handle bit-vector datatype (HO)

(/usr/share/texlive/texmf-dist/tex/generic/bigintcalc/bigintcalc.sty
Package: bigintcalc 2019/12/15 v1.5 Expandable calculations on big integers (HO
)
))
\Fld@menulength=\count193
\Field@Width=\dimen156
\Fld@charsize=\dimen157
Package hyperref Info: Hyper figures OFF on input line 6430.
Package hyperref Info: Link nesting OFF on input line 6435.
Package hyperref Info: Hyper index ON on input line 6438.
Package hyperref Info: backreferencing OFF on input line 6445.
Package hyperref Info: Link coloring ON on input line 6448.
Package hyperref Info: Link coloring with OCG OFF on input line 6455.
Package hyperref Info: PDF/A mode OFF on input line 6460.
LaTeX Info: Redefining \ref on input line 6500.
LaTeX Info: Redefining \pageref on input line 6504.

(/usr/share/texlive/texmf-dist/tex/generic/atbegshi/atbegshi.sty
Package: atbegshi 2019/12/05 v1.19 At begin shipout hook (HO)
)
\Hy@abspage=\count194
\c@Item=\count195
\c@Hfootnote=\count196
)
Package hyperref Info: Driver (autodetected): hpdftex.

(/usr/share/texlive/texmf-dist/tex/latex/hyperref/hpdftex.def
File: hpdftex.def 2020/01/14 v7.00d Hyperref driver for pdfTeX

(/usr/share/texlive/texmf-dist/tex/latex/atveryend/atveryend.sty
Package: atveryend 2019-12-11 v1.11 Hooks at the very end of document (HO)
Package atveryend Info: \enddocument detected (standard20110627).
)
\Fld@listcount=\count197
\c@bookmark@seq@number=\count198

(/usr/share/texlive/texmf-dist/tex/latex/rerunfilecheck/rerunfilecheck.sty
Package: rerunfilecheck 2019/12/05 v1.9 Rerun checks for auxiliary files (HO)

(/usr/share/texlive/texmf-dist/tex/generic/uniquecounter/uniquecounter.sty
Package: uniquecounter 2019/12/15 v1.4 Provide unlimited unique counter (HO)
)
Package uniquecounter Info: New unique counter `rerunfilecheck' on input line 2
86.
)
\Hy@SectionHShift=\skip49
)
(/usr/share/texlive/texmf-dist/tex/latex/graphics/color.sty
Package: color 2019/11/23 v1.2a Standard LaTeX Color (DPC)

(/usr/share/texlive/texmf-dist/tex/latex/graphics-cfg/color.cfg
File: color.cfg 2016/01/02 v1.6 sample color configuration
)
Package color Info: Driver file: pdftex.def on input line 147.
)
(/usr/share/texlive/texmf-dist/tex/latex/xcolor/xcolor.sty
Package: xcolor 2016/05/11 v2.12 LaTeX color extensions (UK)

(/usr/share/texlive/texmf-dist/tex/latex/graphics-cfg/color.cfg
File: color.cfg 2016/01/02 v1.6 sample color configuration
)
Package xcolor Info: Driver file: pdftex.def on input line 225.
LaTeX Info: Redefining \color on input line 709.
Package xcolor Info: Model `cmy' substituted by `cmy0' on input line 1348.
Package xcolor Info: Model `hsb' substituted by `rgb' on input line 1352.
Package xcolor Info: Model `RGB' extended on input line 1364.
Package xcolor Info: Model `HTML' substituted by `rgb' on input line 1366.
Package xcolor Info: Model `Hsb' substituted by `hsb' on input line 1367.
Package xcolor Info: Model `tHsb' substituted by `hsb' on input line 1368.
Package xcolor Info: Model `HSB' substituted by `hsb' on input line 1369.
Package xcolor Info: Model `Gray' substituted by `gray' on input line 1370.
Package xcolor Info: Model `wave' substituted by `hsb' on input line 1371.

(/usr/share/texlive/texmf-dist/tex/latex/graphics/dvipsnam.def
File: dvipsnam.def 2016/06/17 v3.0m Driver-dependent file (DPC,SPQR)
))
(/usr/share/texlive/texmf-dist/tex/latex/titling/titling.sty
Package: titling 2009/09/04 v2.1d maketitle typesetting
\thanksmarkwidth=\skip50
\thanksmargin=\skip51
\droptitle=\skip52
)
(/usr/share/texlive/texmf-dist/tex/latex/subfig/subfig.sty
Package: subfig 2005/06/28 ver: 1.3 subfig package

(/usr/share/texlive/texmf-dist/tex/latex/caption/caption.sty
Package: caption 2020/01/03 v3.4h Customizing captions (AR)

(/usr/share/texlive/texmf-dist/tex/latex/caption/caption3.sty
Package: caption3 2020/01/03 v1.8h caption3 kernel (AR)
Package caption3 Info: TeX engine: e-TeX on input line 61.
\captionmargin=\dimen158
\captionmargin@=\dimen159
\captionwidth=\dimen160
\caption@tempdima=\dimen161
\caption@indent=\dimen162
\caption@parindent=\dimen163
\caption@hangindent=\dimen164
Package caption Info: Standard document class detected.
)
\c@caption@flags=\count199
\c@continuedfloat=\count266
Package caption Info: hyperref package is loaded.
)
\c@KVtest=\count267
\sf@farskip=\skip53
\sf@captopadj=\dimen165
\sf@capskip=\skip54
\sf@nearskip=\skip55
\c@subfigure=\count268
\c@subfigure@save=\count269
\c@lofdepth=\count270
\c@subtable=\count271
\c@subtable@save=\count272
\c@lotdepth=\count273
\sf@top=\skip56
\sf@bottom=\skip57
)
(/usr/share/texlive/texmf-dist/tex/latex/footmisc/footmisc.sty
Package: footmisc 2011/06/06 v5.5b a miscellany of footnote facilities
\FN@temptoken=\toks20
\footnotemargin=\dimen166
\c@pp@next@reset=\count274
Package footmisc Info: Declaring symbol style bringhurst on input line 855.
Package footmisc Info: Declaring symbol style chicago on input line 863.
Package footmisc Info: Declaring symbol style wiley on input line 872.
Package footmisc Info: Declaring symbol style lamport-robust on input line 883.

Package footmisc Info: Declaring symbol style lamport* on input line 903.
Package footmisc Info: Declaring symbol style lamport*-robust on input line 924
.
)
(/usr/share/texlive/texmf-dist/tex/latex/amsmath/amsmath.sty
Package: amsmath 2020/01/20 v2.17e AMS math features
\@mathmargin=\skip58

For additional information on amsmath, use the `?' option.
(/usr/share/texlive/texmf-dist/tex/latex/amsmath/amstext.sty
Package: amstext 2000/06/29 v2.01 AMS text

(/usr/share/texlive/texmf-dist/tex/latex/amsmath/amsgen.sty
File: amsgen.sty 1999/11/30 v2.0 generic functions
\@emptytoks=\toks21
\ex@=\dimen167
))
(/usr/share/texlive/texmf-dist/tex/latex/amsmath/amsbsy.sty
Package: amsbsy 1999/11/29 v1.2d Bold Symbols
\pmbraise@=\dimen168
)
(/usr/share/texlive/texmf-dist/tex/latex/amsmath/amsopn.sty
Package: amsopn 2016/03/08 v2.02 operator names
)
\inf@bad=\count275
LaTeX Info: Redefining \frac on input line 227.
\uproot@=\count276
\leftroot@=\count277
LaTeX Info: Redefining \overline on input line 389.
\classnum@=\count278
\DOTSCASE@=\count279
LaTeX Info: Redefining \ldots on input line 486.
LaTeX Info: Redefining \dots on input line 489.
LaTeX Info: Redefining \cdots on input line 610.
\Mathstrutbox@=\box46
\strutbox@=\box47
\big@size=\dimen169
LaTeX Font Info:    Redeclaring font encoding OML on input line 733.
LaTeX Font Info:    Redeclaring font encoding OMS on input line 734.
\macc@depth=\count280
\c@MaxMatrixCols=\count281
\dotsspace@=\muskip17
\c@parentequation=\count282
\dspbrk@lvl=\count283
\tag@help=\toks22
\row@=\count284
\column@=\count285
\maxfields@=\count286
\andhelp@=\toks23
\eqnshift@=\dimen170
\alignsep@=\dimen171
\tagshift@=\dimen172
\tagwidth@=\dimen173
\totwidth@=\dimen174
\lineht@=\dimen175
\@envbody=\toks24
\multlinegap=\skip59
\multlinetaggap=\skip60
\mathdisplay@stack=\toks25
LaTeX Info: Redefining \[ on input line 2859.
LaTeX Info: Redefining \] on input line 2860.
)
(/usr/share/texlive/texmf-dist/tex/latex/enumitem/enumitem.sty
Package: enumitem 2019/06/20 v3.9 Customized lists
\labelindent=\skip61
\enit@outerparindent=\dimen176
\enit@toks=\toks26
\enit@inbox=\box48
\enit@count@id=\count287
\enitdp@description=\count288
)
(/usr/share/texlive/texmf-dist/tex/latex/algorithms/algorithm.sty
Package: algorithm 2009/08/24 v0.1 Document Style `algorithm' - floating enviro
nment

(/usr/share/texlive/texmf-dist/tex/latex/float/float.sty
Package: float 2001/11/08 v1.3d Float enhancements (AL)
\c@float@type=\count289
\float@exts=\toks27
\float@box=\box49
\@float@everytoks=\toks28
\@floatcapt=\box50
)
(/usr/share/texlive/texmf-dist/tex/latex/base/ifthen.sty
Package: ifthen 2014/09/29 v1.1c Standard LaTeX ifthen package (DPC)
)
\@float@every@algorithm=\toks29
\c@algorithm=\count290
)
(/usr/share/texlive/texmf-dist/tex/latex/algorithmicx/algpseudocode.sty
Package: algpseudocode 

(/usr/share/texlive/texmf-dist/tex/latex/algorithmicx/algorithmicx.sty
Package: algorithmicx 2005/04/27 v1.2 Algorithmicx

Document Style algorithmicx 1.2 - a greatly improved `algorithmic' style
\c@ALG@line=\count291
\c@ALG@rem=\count292
\c@ALG@nested=\count293
\ALG@tlm=\skip62
\ALG@thistlm=\skip63
\c@ALG@Lnr=\count294
\c@ALG@blocknr=\count295
\c@ALG@storecount=\count296
\c@ALG@tmpcounter=\count297
\ALG@tmplength=\skip64
)
Document Style - pseudocode environments for use with the `algorithmicx' style
) (/usr/share/texlive/texmf-dist/tex/latex/l3backend/l3backend-pdfmode.def
File: l3backend-pdfmode.def 2020-03-12 L3 backend support: PDF mode
\l__kernel_color_stack_int=\count298
\l__pdf_internal_box=\box51
)
(./memoire.aux)
\openout1 = `memoire.aux'.

LaTeX Font Info:    Checking defaults for OML/cmm/m/it on input line 106.
LaTeX Font Info:    ... okay on input line 106.
LaTeX Font Info:    Checking defaults for OMS/cmsy/m/n on input line 106.
LaTeX Font Info:    ... okay on input line 106.
LaTeX Font Info:    Checking defaults for OT1/cmr/m/n on input line 106.
LaTeX Font Info:    ... okay on input line 106.
LaTeX Font Info:    Checking defaults for T1/cmr/m/n on input line 106.
LaTeX Font Info:    ... okay on input line 106.
LaTeX Font Info:    Checking defaults for TS1/cmr/m/n on input line 106.
LaTeX Font Info:    ... okay on input line 106.
LaTeX Font Info:    Checking defaults for OMX/cmex/m/n on input line 106.
LaTeX Font Info:    ... okay on input line 106.
LaTeX Font Info:    Checking defaults for U/cmr/m/n on input line 106.
LaTeX Font Info:    ... okay on input line 106.
LaTeX Font Info:    Checking defaults for PD1/pdf/m/n on input line 106.
LaTeX Font Info:    ... okay on input line 106.

*geometry* driver: auto-detecting
*geometry* detected driver: pdftex
*geometry* verbose mode - [ preamble ] result:
* driver: pdftex
* paper: <default>
* layout: <same size as paper>
* layoutoffset:(h,v)=(0.0pt,0.0pt)
* modes: includefoot 
* h-part:(L,W,R)=(51.21504pt, 511.86491pt, 51.21504pt)
* v-part:(T,H,B)=(51.21504pt, 692.5399pt, 51.21504pt)
* \paperwidth=614.295pt
* \paperheight=794.96999pt
* \textwidth=511.86491pt
* \textheight=682.5399pt
* \oddsidemargin=-21.05495pt
* \evensidemargin=-21.05495pt
* \topmargin=-58.05495pt
* \headheight=12.0pt
* \headsep=25.0pt
* \topskip=10.0pt
* \footskip=10.0pt
* \marginparwidth=65.0pt
* \marginparsep=11.0pt
* \columnsep=10.0pt
* \skip\footins=9.0pt plus 4.0pt minus 2.0pt
* \hoffset=0.0pt
* \voffset=0.0pt
* \mag=1000
* \@twocolumnfalse
* \@twosidefalse
* \@mparswitchfalse
* \@reversemarginfalse
* (1in=72.27pt=25.4mm, 1cm=28.453pt)

(/usr/share/texlive/texmf-dist/tex/context/base/mkii/supp-pdf.mkii
[Loading MPS to PDF converter (version 2006.09.02).]
\scratchcounter=\count299
\scratchdimen=\dimen177
\scratchbox=\box52
\nofMPsegments=\count300
\nofMParguments=\count301
\everyMPshowfont=\toks30
\MPscratchCnt=\count302
\MPscratchDim=\dimen178
\MPnumerator=\count303
\makeMPintoPDFobject=\count304
\everyMPtoPDFconversion=\toks31
) (/usr/share/texlive/texmf-dist/tex/latex/epstopdf-pkg/epstopdf-base.sty
Package: epstopdf-base 2020-01-24 v2.11 Base part for package epstopdf
Package epstopdf-base Info: Redefining graphics rule for `.eps' on input line 4
85.

(/usr/share/texlive/texmf-dist/tex/latex/latexconfig/epstopdf-sys.cfg
File: epstopdf-sys.cfg 2010/07/13 v1.3 Configuration of (r)epstopdf for TeX Liv
e
))
LaTeX Info: Redefining \degres on input line 106.
LaTeX Info: Redefining \dots on input line 106.
Package french.ldf Info: Setting StandardItemizeEnv=true for
(french.ldf)             compatibility with enumitem package,
(french.ldf)             reported on input line 106.
Package french.ldf Info: Setting StandardEnumerateEnv=true for
(french.ldf)             compatibility with enumitem package,
(french.ldf)             reported on input line 106.
LaTeX Info: Redefining \up on input line 106.


Package french.ldf Warning: OT1 encoding should not be used for French.
(french.ldf)                Add \usepackage[T1]{fontenc} to the preamble
(french.ldf)                of your document; reported on input line 106.

\AtBeginShipoutBox=\box53
Package hyperref Info: Link coloring ON on input line 106.
(/usr/share/texlive/texmf-dist/tex/latex/hyperref/nameref.sty
Package: nameref 2019/09/16 v2.46 Cross-referencing by name of section

(/usr/share/texlive/texmf-dist/tex/latex/refcount/refcount.sty
Package: refcount 2019/12/15 v3.6 Data extraction from label references (HO)
)
(/usr/share/texlive/texmf-dist/tex/generic/gettitlestring/gettitlestring.sty
Package: gettitlestring 2019/12/15 v1.6 Cleanup title references (HO)
)
\c@section@level=\count305
)
LaTeX Info: Redefining \ref on input line 106.
LaTeX Info: Redefining \pageref on input line 106.
LaTeX Info: Redefining \nameref on input line 106.

(./memoire.out) (./memoire.out)
\@outlinefile=\write3
\openout3 = `memoire.out'.

Package caption Info: Begin \AtBeginDocument code.
Package caption Info: subfig package v1.3 is loaded.
Package caption Info: float package is loaded.
Package caption Info: End \AtBeginDocument code.

Underfull \hbox (badness 10000) in paragraph at lines 140--140

 []


Underfull \hbox (badness 10000) in paragraph at lines 140--140

 []


Underfull \hbox (badness 10000) in paragraph at lines 140--140

 []


Underfull \hbox (badness 10000) in paragraph at lines 140--140

 []

<figures/UMons_logo.png, id=213, 193.72375pt x 54.2025pt>
File: figures/UMons_logo.png Graphic file (type png)
<use figures/UMons_logo.png>
Package pdftex.def Info: figures/UMons_logo.png  used on input line 140.
(pdftex.def)             Requested size: 102.37141pt x 28.64282pt.
<figures/sciences_logo.png, id=214, 174.6525pt x 81.30376pt>
File: figures/sciences_logo.png Graphic file (type png)
<use figures/sciences_logo.png>
Package pdftex.def Info: figures/sciences_logo.png  used on input line 140.
(pdftex.def)             Requested size: 89.57791pt x 41.70006pt.

Overfull \hbox (6.79999pt too wide) in paragraph at lines 140--140
 [] 
 []

[1

{/var/lib/texmf/fonts/map/pdftex/updmap/pdftex.map} <./figures/UMons_logo.png> 
<./figures/sciences_logo.png>]pdfTeX warning (ext4): destination with the same 
identifier (name{page.1}) has been already used, duplicate ignored
<to be read again> 
                   \relax 
l.146 \newpage
               [1]
Underfull \hbox (badness 10000) in paragraph at lines 151--155

 []


Underfull \hbox (badness 10000) in paragraph at lines 151--155

 []


Underfull \hbox (badness 10000) in paragraph at lines 151--155

 []


Underfull \hbox (badness 10000) in paragraph at lines 155--156

 []


Underfull \hbox (badness 10000) in paragraph at lines 157--158

 []

[2] [3]
Underfull \hbox (badness 10000) in paragraph at lines 167--168

 []


Underfull \hbox (badness 10000) in paragraph at lines 179--180

 []


Underfull \hbox (badness 10000) in paragraph at lines 181--182

 []

[4] [5] (./memoire.toc [6

])
\tf@toc=\write4
\openout4 = `memoire.toc'.

 [7]
*geometry* verbose mode - [ newgeometry ] result:
* driver: pdftex
* paper: <default>
* layout: <same size as paper>
* layoutoffset:(h,v)=(0.0pt,0.0pt)
* modes: includefoot 
* h-part:(L,W,R)=(65.44142pt, 483.41216pt, 65.44142pt)
* v-part:(T,H,B)=(65.44142pt, 664.08714pt, 65.44142pt)
* \paperwidth=614.295pt
* \paperheight=794.96999pt
* \textwidth=483.41216pt
* \textheight=656.08714pt
* \oddsidemargin=-6.82857pt
* \evensidemargin=-6.82857pt
* \topmargin=-43.82857pt
* \headheight=12.0pt
* \headsep=25.0pt
* \topskip=10.0pt
* \footskip=8.0pt
* \marginparwidth=65.0pt
* \marginparsep=11.0pt
* \columnsep=10.0pt
* \skip\footins=9.0pt plus 4.0pt minus 2.0pt
* \hoffset=0.0pt
* \voffset=0.0pt
* \mag=1000
* \@twocolumnfalse
* \@twosidefalse
* \@mparswitchfalse
* \@reversemarginfalse
* (1in=72.27pt=25.4mm, 1cm=28.453pt)


Underfull \hbox (badness 10000) in paragraph at lines 205--206

 []


Overfull \hbox (0.86623pt too wide) in paragraph at lines 207--208
[]\OT1/cmr/m/n/12 Ce tra-vail ca-ract^^Serise ces r^^Seseaux sans-fil res-trein
ts, leur ar-chi-tec-ture ty-pique et les contraintes
 []


Underfull \hbox (badness 10000) in paragraph at lines 207--208

 []

[8


]
Chapitre 1.
[9

]
Underfull \hbox (badness 10000) in paragraph at lines 220--221

 []


Underfull \hbox (badness 10000) in paragraph at lines 222--223

 []


Underfull \hbox (badness 10000) in paragraph at lines 224--225

 []


Underfull \hbox (badness 10000) in paragraph at lines 239--240

 []


Underfull \hbox (badness 10000) in paragraph at lines 242--243

 []

[10]
<figures/multipath.jpg, id=350, 853.1875pt x 834.11626pt>
File: figures/multipath.jpg Graphic file (type jpg)
<use figures/multipath.jpg>
Package pdftex.def Info: figures/multipath.jpg  used on input line 250.
(pdftex.def)             Requested size: 207.86368pt x 203.20842pt.

Underfull \hbox (badness 8000) in paragraph at lines 251--251
[]\OT1/cmr/m/sc/10 Figure \OT1/cmr/m/n/10 1.1 { |Ph^^Senom^^Rene de mul-ti-path

 []

<figures/TelosB.png, id=353, 853.1875pt x 834.11626pt>
File: figures/TelosB.png Graphic file (type png)
<use figures/TelosB.png>
Package pdftex.def Info: figures/TelosB.png  used on input line 256.
(pdftex.def)             Requested size: 207.86368pt x 203.20842pt.

Underfull \hbox (badness 10000) in paragraph at lines 263--265

 []

[11 <./figures/multipath.jpg> <./figures/TelosB.png>]
Underfull \hbox (badness 10000) in paragraph at lines 277--278

 []


Underfull \hbox (badness 10000) in paragraph at lines 279--280

 []


Underfull \hbox (badness 10000) in paragraph at lines 290--291

 []


Underfull \hbox (badness 10000) in paragraph at lines 291--292

 []


Underfull \hbox (badness 10000) in paragraph at lines 293--294

 []


Underfull \hbox (badness 10000) in paragraph at lines 295--296

 []

[12]
Underfull \hbox (badness 10000) in paragraph at lines 299--301

 []


Underfull \hbox (badness 10000) in paragraph at lines 307--308

 []


Underfull \hbox (badness 10000) in paragraph at lines 308--310

 []


Underfull \hbox (badness 10000) in paragraph at lines 316--317

 []


Underfull \hbox (badness 10000) in paragraph at lines 318--319

 []


Underfull \hbox (badness 10000) in paragraph at lines 320--322

 []

[13] [14]
Underfull \hbox (badness 10000) in paragraph at lines 345--346

 []

[15]
Underfull \hbox (badness 10000) in paragraph at lines 384--385

 []


Underfull \hbox (badness 10000) in paragraph at lines 386--387

 []

<figures/TSCH_basics_matrix.png, id=435, 186.4566pt x 186.81795pt>
File: figures/TSCH_basics_matrix.png Graphic file (type png)
<use figures/TSCH_basics_matrix.png>
Package pdftex.def Info: figures/TSCH_basics_matrix.png  used on input line 393
.
(pdftex.def)             Requested size: 164.35835pt x 164.67679pt.
<figures/TSCH_basics_graph.png, id=437, 169.47314pt x 110.21175pt>
File: figures/TSCH_basics_graph.png Graphic file (type png)
<use figures/TSCH_basics_graph.png>
Package pdftex.def Info: figures/TSCH_basics_graph.png  used on input line 399.

(pdftex.def)             Requested size: 217.53398pt x 141.4691pt.
<figures/TSCH_basics_schedule.png, id=442, 578.16pt x 229.45724pt>
File: figures/TSCH_basics_schedule.png Graphic file (type png)
<use figures/TSCH_basics_schedule.png>
Package pdftex.def Info: figures/TSCH_basics_schedule.png  used on input line 4
09.
(pdftex.def)             Requested size: 531.75632pt x 211.05069pt.
[16 <./figures/TSCH_basics_matrix.png> <./figures/TSCH_basics_graph.png> <./fig
ures/TSCH_basics_schedule.png>]
Underfull \hbox (badness 10000) in paragraph at lines 423--424

 []


Underfull \hbox (badness 10000) in paragraph at lines 435--436

 []

[17] [18]
Chapitre 2.
[19

]
<figures/6TiSCH_arch.png, id=509, 293.05486pt x 243.5499pt>
File: figures/6TiSCH_arch.png Graphic file (type png)
<use figures/6TiSCH_arch.png>
Package pdftex.def Info: figures/6TiSCH_arch.png  used on input line 467.
(pdftex.def)             Requested size: 435.06798pt x 361.60025pt.

Underfull \hbox (badness 10000) in paragraph at lines 474--475

 []

[20 <./figures/6TiSCH_arch.png>]
Underfull \hbox (badness 10000) in paragraph at lines 480--481

 []

[21]
<figures/6TiSCH_stack.png, id=544, 372.9132pt x 313.6518pt>
File: figures/6TiSCH_stack.png Graphic file (type png)
<use figures/6TiSCH_stack.png>
Package pdftex.def Info: figures/6TiSCH_stack.png  used on input line 498.
(pdftex.def)             Requested size: 265.87816pt x 223.62758pt.
 [22 <./figures/6TiSCH_stack.png>]
Underfull \hbox (badness 10000) in paragraph at lines 528--529

 []


Underfull \hbox (badness 10000) in paragraph at lines 530--531

 []


Underfull \hbox (badness 10000) in paragraph at lines 532--533

 []

<figures/IEEE802_15_4-PHY.png, id=577, 401.0985pt x 47.6982pt>
File: figures/IEEE802_15_4-PHY.png Graphic file (type png)
<use figures/IEEE802_15_4-PHY.png>
Package pdftex.def Info: figures/IEEE802_15_4-PHY.png  used on input line 558.
(pdftex.def)             Requested size: 435.06798pt x 51.73814pt.
[23 <./figures/IEEE802_15_4-PHY.png>]
<figures/PANs.png, id=595, 235.6002pt x 65.5248pt>
File: figures/PANs.png Graphic file (type png)
<use figures/PANs.png>
Package pdftex.def Info: figures/PANs.png  used on input line 586.
(pdftex.def)             Requested size: 435.06798pt x 121.00299pt.
 [24 <./figures/PANs.png>]
Underfull \hbox (badness 10000) in paragraph at lines 600--601

 []


Underfull \hbox (badness 10000) in paragraph at lines 618--619

 []

[25]
Underfull \hbox (badness 10000) in paragraph at lines 633--634

 []

<figures/CSMA-CA.png, id=630, 870.25125pt x 341.02406pt>
File: figures/CSMA-CA.png Graphic file (type png)
<use figures/CSMA-CA.png>
Package pdftex.def Info: figures/CSMA-CA.png  used on input line 639.
(pdftex.def)             Requested size: 435.06798pt x 170.49078pt.

Underfull \hbox (badness 10000) in paragraph at lines 648--649

 []

[26 <./figures/CSMA-CA.png>]
Overfull \hbox (1.70078pt too wide) in paragraph at lines 652--655
[]\OT1/cmr/m/n/10 La d^^Semarche adopt^^See est la s^^Sequentiation d'un ti-mes
-lot en p^^Seriodes de temps discr^^Retes, de lon-gueur d^^Setermin^^See
 []


Overfull \hbox (16.3589pt too wide) in paragraph at lines 676--677
[]\OT1/cmr/m/n/10 La va-leur de \OT1/cmr/m/it/10 macTsRxOff-set \OT1/cmr/m/n/10
 d^^Sefinit la fen^etre de temps consid^^Ser^^See pour pa-lier le probl^^Reme d
e la d^^Sesynchronisation
 []

<figures/timeslot.png, id=649, 561.17654pt x 204.5241pt>
File: figures/timeslot.png Graphic file (type png)
<use figures/timeslot.png>
Package pdftex.def Info: figures/timeslot.png  used on input line 682.
(pdftex.def)             Requested size: 483.41216pt x 176.18686pt.

Underfull \hbox (badness 10000) in paragraph at lines 690--691

 []

[27 <./figures/timeslot.png>]
Underfull \hbox (badness 10000) in paragraph at lines 692--693

 []

<figures/IEEE802_15_4-MAC.png, id=668, 500.1084pt x 174.53204pt>
File: figures/IEEE802_15_4-MAC.png Graphic file (type png)
<use figures/IEEE802_15_4-MAC.png>
Package pdftex.def Info: figures/IEEE802_15_4-MAC.png  used on input line 700.
(pdftex.def)             Requested size: 483.41216pt x 168.7073pt.
<figures/CCM.png, id=671, 776.9025pt x 262.9825pt>
File: figures/CCM.png Graphic file (type png)
<use figures/CCM.png>
Package pdftex.def Info: figures/CCM.png  used on input line 708.
(pdftex.def)             Requested size: 338.38702pt x 114.54492pt.
[28 <./figures/IEEE802_15_4-MAC.png> <./figures/CCM.png>]
Underfull \hbox (badness 10000) in paragraph at lines 718--719

 []

[29]
Underfull \hbox (badness 10000) in paragraph at lines 765--766

 []

[30]
Underfull \hbox (badness 10000) in paragraph at lines 785--786

 []


Underfull \hbox (badness 10000) in paragraph at lines 787--788

 []

<figures/6P_2-steps.png, id=718, 366.77025pt x 305.7021pt>
File: figures/6P_2-steps.png Graphic file (type png)
<use figures/6P_2-steps.png>
Package pdftex.def Info: figures/6P_2-steps.png  used on input line 795.
(pdftex.def)             Requested size: 239.29033pt x 199.44568pt.
<figures/6P_3-steps.png, id=719, 366.77025pt x 305.7021pt>
File: figures/6P_3-steps.png Graphic file (type png)
<use figures/6P_3-steps.png>
Package pdftex.def Info: figures/6P_3-steps.png  used on input line 802.
(pdftex.def)             Requested size: 239.29033pt x 199.44568pt.
[31 <./figures/6P_2-steps.png> <./figures/6P_3-steps.png>]
Underfull \hbox (badness 10000) in paragraph at lines 813--814

 []

[32]
Underfull \hbox (badness 10000) in paragraph at lines 867--868

 []

<figures/6LoWPAN-ND.png, id=750, 574.5465pt x 241.3818pt>
File: figures/6LoWPAN-ND.png Graphic file (type png)
<use figures/6LoWPAN-ND.png>
Package pdftex.def Info: figures/6LoWPAN-ND.png  used on input line 875.
(pdftex.def)             Requested size: 483.41216pt x 203.09818pt.
[33 <./figures/6LoWPAN-ND.png>]
Underfull \hbox (badness 10000) in paragraph at lines 886--887

 []

<figures/OF_sel_parent.png, id=764, 243.5499pt x 92.5056pt>
File: figures/OF_sel_parent.png Graphic file (type png)
<use figures/OF_sel_parent.png>
Package pdftex.def Info: figures/OF_sel_parent.png  used on input line 893.
(pdftex.def)             Requested size: 410.90327pt x 156.08163pt.
[34 <./figures/OF_sel_parent.png>] [35]
Underfull \hbox (badness 10000) in paragraph at lines 947--948

 []


Underfull \hbox (badness 10000) in paragraph at lines 968--969

 []

[36]
<figures/CoAP_messaging_CON.png, id=803, 183.92715pt x 242.1045pt>
File: figures/CoAP_messaging_CON.png Graphic file (type png)
<use figures/CoAP_messaging_CON.png>
Package pdftex.def Info: figures/CoAP_messaging_CON.png  used on input line 997
.
(pdftex.def)             Requested size: 188.53044pt x 248.1698pt.
<figures/CoAP_pkt.png, id=804, 344.0052pt x 141.6492pt>
File: figures/CoAP_pkt.png Graphic file (type png)
<use figures/CoAP_pkt.png>
Package pdftex.def Info: figures/CoAP_pkt.png  used on input line 1004.
(pdftex.def)             Requested size: 242.43141pt x 99.82594pt.
<figures/CoAP_messaging_NON.png, id=807, 178.14555pt x 138.39705pt>
File: figures/CoAP_messaging_NON.png Graphic file (type png)
<use figures/CoAP_messaging_NON.png>
Package pdftex.def Info: figures/CoAP_messaging_NON.png  used on input line 100
8.
(pdftex.def)             Requested size: 168.27367pt x 130.73097pt.
 [37 <./figures/CoAP_messaging_CON.png> <./figures/CoAP_pkt.png> <./figures/CoA
P_messaging_NON.png>]
Underfull \hbox (badness 10000) in paragraph at lines 1026--1027

 []


Underfull \hbox (badness 10000) in paragraph at lines 1030--1031

 []

[38]
<figures/CoJP_stack.png, id=835, 268.48305pt x 133.6995pt>
File: figures/CoJP_stack.png Graphic file (type png)
<use figures/CoJP_stack.png>
Package pdftex.def Info: figures/CoJP_stack.png  used on input line 1081.
(pdftex.def)             Requested size: 217.53398pt x 108.3327pt.
 [39 <./figures/CoJP_stack.png>] [40]
Underfull \hbox (badness 10000) in paragraph at lines 1137--1138

 []


Underfull \hbox (badness 10000) in paragraph at lines 1139--1140

 []

[41]
Underfull \hbox (badness 10000) in paragraph at lines 1167--1168

 []


Underfull \hbox (badness 10000) in paragraph at lines 1169--1170

 []

[42]
Underfull \hbox (badness 10000) in paragraph at lines 1190--1191

 []


Underfull \hbox (badness 10000) in paragraph at lines 1192--1193

 []


Underfull \hbox (badness 10000) in paragraph at lines 1205--1206

 []

[43]
Chapitre 3.
[44

]
Underfull \hbox (badness 10000) in paragraph at lines 1218--1219

 []


Underfull \hbox (badness 10000) in paragraph at lines 1226--1227

 []


Underfull \hbox (badness 10000) in paragraph at lines 1228--1229

 []


Underfull \hbox (badness 10000) in paragraph at lines 1230--1231

 []

[45]
<figures/OSCORE_scheme.png, id=944, 536.2434pt x 323.7696pt>
File: figures/OSCORE_scheme.png Graphic file (type png)
<use figures/OSCORE_scheme.png>
Package pdftex.def Info: figures/OSCORE_scheme.png  used on input line 1255.
(pdftex.def)             Requested size: 362.55911pt x 218.9105pt.
 [46 <./figures/OSCORE_scheme.png>]
<figures/OSCORE_option.png, id=958, 224.39835pt x 67.57245pt>
File: figures/OSCORE_option.png Graphic file (type png)
<use figures/OSCORE_option.png>
Package pdftex.def Info: figures/OSCORE_option.png  used on input line 1266.
(pdftex.def)             Requested size: 187.07603pt x 56.33461pt.
<figures/OSCORE_plaintext.png, id=959, 222.95296pt x 48.4209pt>
File: figures/OSCORE_plaintext.png Graphic file (type png)
<use figures/OSCORE_plaintext.png>
Package pdftex.def Info: figures/OSCORE_plaintext.png  used on input line 1273.

(pdftex.def)             Requested size: 187.07603pt x 40.63113pt.

Underfull \hbox (badness 10000) in paragraph at lines 1282--1283

 []

<figures/OSCORE_contexts.png, id=965, 547.44525pt x 288.3573pt>
File: figures/OSCORE_contexts.png Graphic file (type png)
<use figures/OSCORE_contexts.png>
Package pdftex.def Info: figures/OSCORE_contexts.png  used on input line 1289.
(pdftex.def)             Requested size: 435.06798pt x 229.16374pt.
[47 <./figures/OSCORE_option.png> <./figures/OSCORE_plaintext.png> <./figures/O
SCORE_contexts.png>]
<figures/OSCORE_AAD.png, id=980, 504.08325pt x 98.64854pt>
File: figures/OSCORE_AAD.png Graphic file (type png)
<use figures/OSCORE_AAD.png>
Package pdftex.def Info: figures/OSCORE_AAD.png  used on input line 1302.
(pdftex.def)             Requested size: 459.24007pt x 89.87567pt.
<figures/OSCORE_nonce.png, id=985, 296.307pt x 115.99335pt>
File: figures/OSCORE_nonce.png Graphic file (type png)
<use figures/OSCORE_nonce.png>
Package pdftex.def Info: figures/OSCORE_nonce.png  used on input line 1316.
(pdftex.def)             Requested size: 362.55911pt x 141.93996pt.
 [48 <./figures/OSCORE_AAD.png> <./figures/OSCORE_nonce.png>]
<figures/OSCORE_exchange.png, id=1000, 578.52135pt x 708.60735pt>
File: figures/OSCORE_exchange.png Graphic file (type png)
<use figures/OSCORE_exchange.png>
Package pdftex.def Info: figures/OSCORE_exchange.png  used on input line 1330.
(pdftex.def)             Requested size: 483.41216pt x 592.12294pt.
 [49 <./figures/OSCORE_exchange.png>]
Underfull \hbox (badness 10000) in paragraph at lines 1340--1341

 []

<figures/Joining_phase_network.png, id=1015, 452.04884pt x 354.123pt>
File: figures/Joining_phase_network.png Graphic file (type png)
<use figures/Joining_phase_network.png>
Package pdftex.def Info: figures/Joining_phase_network.png  used on input line 
1354.
(pdftex.def)             Requested size: 352.8888pt x 276.45256pt.
[50 <./figures/Joining_phase_network.png>] [51]
Underfull \hbox (badness 10000) in paragraph at lines 1413--1414

 []

[52]
<figures/joining_phase_simplified.png, id=1054, 485.29305pt x 418.80466pt>
File: figures/joining_phase_simplified.png Graphic file (type png)
<use figures/joining_phase_simplified.png>
Package pdftex.def Info: figures/joining_phase_simplified.png  used on input li
ne 1437.
(pdftex.def)             Requested size: 483.41216pt x 417.18683pt.
 [53 <./figures/Joining_phase_simplified.png>]
Underfull \hbox (badness 10000) in paragraph at lines 1451--1452

 []


Underfull \hbox (badness 10000) in paragraph at lines 1474--1475

 []


Underfull \hbox (badness 10000) in paragraph at lines 1476--1477

 []


Underfull \hbox (badness 10000) in paragraph at lines 1478--1479

 []

[54]
Underfull \hbox (badness 10000) in paragraph at lines 1482--1483

 []

<figures/Join_Request.png, id=1090, 543.4704pt x 199.4652pt>
File: figures/Join_Request.png Graphic file (type png)
<use figures/Join_Request.png>
Package pdftex.def Info: figures/Join_Request.png  used on input line 1487.
(pdftex.def)             Requested size: 483.41216pt x 177.41998pt.

Underfull \hbox (badness 10000) in paragraph at lines 1493--1494

 []


Underfull \hbox (badness 10000) in paragraph at lines 1495--1496

 []


Underfull \hbox (badness 10000) in paragraph at lines 1497--1498

 []


Underfull \hbox (badness 10000) in paragraph at lines 1501--1502

 []


Underfull \hbox (badness 10000) in paragraph at lines 1503--1504

 []


Underfull \hbox (badness 10000) in paragraph at lines 1505--1506

 []

[55 <./figures/Join_Request.png>]
Underfull \hbox (badness 10000) in paragraph at lines 1510--1511

 []


Underfull \hbox (badness 10000) in paragraph at lines 1512--1513

 []

<figures/Join_Response.png, id=1103, 518.8986pt x 199.4652pt>
File: figures/Join_Response.png Graphic file (type png)
<use figures/Join_Response.png>
Package pdftex.def Info: figures/Join_Response.png  used on input line 1519.
(pdftex.def)             Requested size: 483.41216pt x 185.82942pt.
[56 <./figures/Join_Response.png>]
Underfull \hbox (badness 10000) in paragraph at lines 1533--1534

 []


Underfull \hbox (badness 10000) in paragraph at lines 1545--1546

 []


Underfull \hbox (badness 10000) in paragraph at lines 1547--1548

 []


Underfull \hbox (badness 10000) in paragraph at lines 1565--1566

 []

[57]
<figures/Joining_phase_part1.png, id=1129, 497.9403pt x 319.79475pt>
File: figures/Joining_phase_part1.png Graphic file (type png)
<use figures/Joining_phase_part1.png>
Package pdftex.def Info: figures/Joining_phase_part1.png  used on input line 15
72.
(pdftex.def)             Requested size: 483.41216pt x 310.46402pt.

Underfull \hbox (badness 10000) in paragraph at lines 1578--1579

 []


Underfull \hbox (badness 10000) in paragraph at lines 1580--1581

 []

[58 <./figures/Joining_phase_part1.png>]
Underfull \hbox (badness 10000) in paragraph at lines 1589--1590

 []

<figures/Joining_phase_part2.png, id=1143, 552.1428pt x 533.3526pt>
File: figures/Joining_phase_part2.png Graphic file (type png)
<use figures/Joining_phase_part2.png>
Package pdftex.def Info: figures/Joining_phase_part2.png  used on input line 15
96.
(pdftex.def)             Requested size: 483.41216pt x 466.96721pt.
[59 <./figures/Joining_phase_part2.png>]
Underfull \hbox (badness 10000) in paragraph at lines 1604--1605

 []


Underfull \hbox (badness 10000) in paragraph at lines 1606--1607

 []

[60]
Chapitre 4.
[61

]
Underfull \hbox (badness 10000) in paragraph at lines 1622--1623

 []


Underfull \hbox (badness 10000) in paragraph at lines 1624--1625

 []


Underfull \hbox (badness 10000) in paragraph at lines 1630--1631

 []


Underfull \hbox (badness 10000) in paragraph at lines 1632--1633

 []

[62]
Underfull \hbox (badness 10000) in paragraph at lines 1651--1652

 []


Underfull \hbox (badness 10000) in paragraph at lines 1653--1654

 []


Underfull \hbox (badness 10000) in paragraph at lines 1655--1656

 []

[63]
Underfull \hbox (badness 10000) in paragraph at lines 1661--1662

 []


Overfull \hbox (14.6866pt too wide) in paragraph at lines 1668--1679
 [][] 
 []


Underfull \hbox (badness 10000) in paragraph at lines 1684--1685

 []

[64]
<figures/NPEB_step1.png, id=1227, 405.79605pt x 203.0787pt>
File: figures/NPEB_step1.png Graphic file (type png)
<use figures/NPEB_step1.png>
Package pdftex.def Info: figures/NPEB_step1.png  used on input line 1697.
(pdftex.def)             Requested size: 410.90327pt x 205.64084pt.
<figures/NPEB_step2.png, id=1230, 491.436pt x 210.66705pt>
File: figures/NPEB_step2.png Graphic file (type png)
<use figures/NPEB_step2.png>
Package pdftex.def Info: figures/NPEB_step2.png  used on input line 1708.
(pdftex.def)             Requested size: 483.41216pt x 207.23662pt.
 [65 <./figures/NPEB_step1.png> <./figures/NPEB_step2.png>]
<figures/NPEB_step3.png, id=1245, 491.436pt x 203.0787pt>
File: figures/NPEB_step3.png Graphic file (type png)
<use figures/NPEB_step3.png>
Package pdftex.def Info: figures/NPEB_step3.png  used on input line 1721.
(pdftex.def)             Requested size: 483.41216pt x 199.77185pt.
 [66 <./figures/NPEB_step3.png>]
<figures/NPEB_step4.png, id=1255, 492.8814pt x 203.0787pt>
File: figures/NPEB_step4.png Graphic file (type png)
<use figures/NPEB_step4.png>
Package pdftex.def Info: figures/NPEB_step4.png  used on input line 1734.
(pdftex.def)             Requested size: 483.41216pt x 199.1769pt.

Underfull \hbox (badness 10000) in paragraph at lines 1740--1741

 []


Underfull \hbox (badness 10000) in paragraph at lines 1749--1750

 []


Underfull \hbox (badness 10000) in paragraph at lines 1755--1756

 []

[67 <./figures/NPEB_step4.png>]
Underfull \hbox (badness 10000) in paragraph at lines 1770--1771

 []


Underfull \hbox (badness 10000) in paragraph at lines 1772--1773

 []

[68]
Package hyperref Info: bookmark level for unknown algorithm defaults to 0 on in
put line 1780.

Underfull \hbox (badness 10000) in paragraph at lines 1806--1807

 []


Underfull \hbox (badness 10000) in paragraph at lines 1808--1809

 []

[69]
Underfull \hbox (badness 10000) in paragraph at lines 1844--1845

 []


Underfull \hbox (badness 10000) in paragraph at lines 1846--1847

 []


Underfull \hbox (badness 10000) in paragraph at lines 1848--1849

 []

[70]
Underfull \hbox (badness 10000) in paragraph at lines 1884--1885

 []


Underfull \hbox (badness 10000) in paragraph at lines 1886--1887

 []

[71]
Underfull \hbox (badness 10000) in paragraph at lines 1897--1898
[]\OT1/cmr/m/it/10 NPtable \OT1/cmr/m/n/10 cou-rante du pledge, \OT1/cmr/m/it/1
0 neigh-bor \OT1/cmr/m/n/10 voi-sin can-di-dat, \OT1/cmtt/m/n/10 MIN[]PDR[]UNDE
RGO[]SYNCHRO\OT1/cmr/m/n/10 =\OT1/cmtt/m/n/10 0.6\OT1/cmr/m/n/10 ,
 []


Underfull \hbox (badness 10000) in paragraph at lines 1928--1929

 []


Underfull \hbox (badness 10000) in paragraph at lines 1930--1931

 []

[72]
<figures/NPEB_cell.png, id=1348, 741.77126pt x 202.7575pt>
File: figures/NPEB_cell.png Graphic file (type png)
<use figures/NPEB_cell.png>
Package pdftex.def Info: figures/NPEB_cell.png  used on input line 1939.
(pdftex.def)             Requested size: 459.24007pt x 125.532pt.

Underfull \hbox (badness 10000) in paragraph at lines 1949--1950

 []


Underfull \hbox (badness 10000) in paragraph at lines 1951--1953

 []


Underfull \hbox (badness 10000) in paragraph at lines 1955--1956

 []


Underfull \hbox (badness 10000) in paragraph at lines 1957--1959

 []


Underfull \hbox (badness 10000) in paragraph at lines 1961--1962

 []

[73 <./figures/NPEB_cell.png>]
Underfull \hbox (badness 10000) in paragraph at lines 1965--1966

 []

[74]
Underfull \hbox (badness 10000) in paragraph at lines 1975--1976

 []


Underfull \hbox (badness 10000) in paragraph at lines 1986--1987

 []


Underfull \hbox (badness 10000) in paragraph at lines 1993--1994

 []

[75]
Underfull \hbox (badness 10000) in paragraph at lines 2001--2002

 []


Underfull \hbox (badness 10000) in paragraph at lines 2009--2010

 []

[76]
Chapitre 5.
[77

]
Underfull \hbox (badness 10000) in paragraph at lines 2027--2028

 []


Underfull \hbox (badness 10000) in paragraph at lines 2029--2030

 []


Underfull \hbox (badness 10000) in paragraph at lines 2031--2032

 []

[78]
Underfull \hbox (badness 10000) in paragraph at lines 2045--2046

 []

[79]
<figures/results/secjoin/boxesTimeConvergence20.png, id=1453, 462.528pt x 346.8
96pt>
File: figures/results/secjoin/boxesTimeConvergence20.png Graphic file (type png
)
<use figures/results/secjoin/boxesTimeConvergence20.png>
Package pdftex.def Info: figures/results/secjoin/boxesTimeConvergence20.png  us
ed on input line 2099.
(pdftex.def)             Requested size: 290.05023pt x 217.54521pt.
 [80 <./figures/results/secjoin/boxesTimeConvergence20.png>]
<figures/results/secjoin/boxesJoiningTimePerNode20.png, id=1469, 462.528pt x 34
6.896pt>
File: figures/results/secjoin/boxesJoiningTimePerNode20.png Graphic file (type 
png)
<use figures/results/secjoin/boxesJoiningTimePerNode20.png>
Package pdftex.def Info: figures/results/secjoin/boxesJoiningTimePerNode20.png 
 used on input line 2132.
(pdftex.def)             Requested size: 338.38702pt x 253.80363pt.
<figures/results/secjoin/boxesJoinExchange20.png, id=1472, 462.528pt x 346.896p
t>
File: figures/results/secjoin/boxesJoinExchange20.png Graphic file (type png)
<use figures/results/secjoin/boxesJoinExchange20.png>
Package pdftex.def Info: figures/results/secjoin/boxesJoinExchange20.png  used 
on input line 2146.
(pdftex.def)             Requested size: 338.38702pt x 253.80363pt.


LaTeX Warning: `!h' float specifier changed to `!ht'.

[81 <./figures/results/secjoin/boxesJoiningTimePerNode20.png>]
Underfull \hbox (badness 10000) in paragraph at lines 2157--2158

 []

[82 <./figures/results/secjoin/boxesJoinExchange20.png>] [83]
<figures/results/EB/phase_times.png, id=1523, 408.3255pt x 325.215pt>
File: figures/results/EB/phase_times.png Graphic file (type png)
<use figures/results/EB/phase_times.png>
Package pdftex.def Info: figures/results/EB/phase_times.png  used on input line
 2226.
(pdftex.def)             Requested size: 236.8746pt x 188.66452pt.
<figures/results/NPEB/phase_times.png, id=1524, 408.3255pt x 325.215pt>
File: figures/results/NPEB/phase_times.png Graphic file (type png)
<use figures/results/NPEB/phase_times.png>
Package pdftex.def Info: figures/results/NPEB/phase_times.png  used on input li
ne 2232.
(pdftex.def)             Requested size: 241.70607pt x 192.51036pt.
 [84 <./figures/results/EB/phase_times.png> <./figures/results/NPEB/phase_times
.png>]
<figures/results/EB/phase_charges.png, id=1550, 435.7881pt x 325.215pt>
File: figures/results/EB/phase_charges.png Graphic file (type png)
<use figures/results/EB/phase_charges.png>
Package pdftex.def Info: figures/results/EB/phase_charges.png  used on input li
ne 2283.
(pdftex.def)             Requested size: 236.8746pt x 176.76971pt.
<figures/results/NPEB/phase_charges.png, id=1551, 438.6789pt x 325.215pt>
File: figures/results/NPEB/phase_charges.png Graphic file (type png)
<use figures/results/NPEB/phase_charges.png>
Package pdftex.def Info: figures/results/NPEB/phase_charges.png  used on input 
line 2289.
(pdftex.def)             Requested size: 241.70607pt x 179.19135pt.
 [85 <./figures/results/EB/phase_charges.png> <./figures/results/NPEB/phase_cha
rges.png>]
<figures/results/EB/chargejoined.hist.png, id=1570, 390.258pt x 325.215pt>
File: figures/results/EB/chargejoined.hist.png Graphic file (type png)
<use figures/results/EB/chargejoined.hist.png>
Package pdftex.def Info: figures/results/EB/chargejoined.hist.png  used on inpu
t line 2305.
(pdftex.def)             Requested size: 236.8746pt x 197.3983pt.

Underfull \hbox (badness 5050) in paragraph at lines 2306--2306
[]\OT1/cmr/m/sc/10 Figure \OT1/cmr/m/n/10 5.8 { |EBs - dis-tri-bu-tion des char
ges
 []

<figures/results/NPEB/chargejoined.hist.png, id=1571, 390.258pt x 325.215pt>
File: figures/results/NPEB/chargejoined.hist.png Graphic file (type png)
<use figures/results/NPEB/chargejoined.hist.png>
Package pdftex.def Info: figures/results/NPEB/chargejoined.hist.png  used on in
put line 2311.
(pdftex.def)             Requested size: 241.70607pt x 201.42279pt.

Underfull \hbox (badness 2401) in paragraph at lines 2312--2312
[]\OT1/cmr/m/sc/10 Figure \OT1/cmr/m/n/10 5.9 { |NPEBs - dis-tri-bu-tion des ch
arges
 []

[86 <./figures/results/EB/chargejoined.hist.png> <./figures/results/NPEB/charge
joined.hist.png>]
<figures/results/EB/firsthop.hist.png, id=1585, 423.5022pt x 325.215pt>
File: figures/results/EB/firsthop.hist.png Graphic file (type png)
<use figures/results/EB/firsthop.hist.png>
Package pdftex.def Info: figures/results/EB/firsthop.hist.png  used on input li
ne 2360.
(pdftex.def)             Requested size: 236.8746pt x 181.89584pt.
<figures/results/NPEB/firsthop.hist.png, id=1586, 423.5022pt x 325.215pt>
File: figures/results/NPEB/firsthop.hist.png Graphic file (type png)
<use figures/results/NPEB/firsthop.hist.png>
Package pdftex.def Info: figures/results/NPEB/firsthop.hist.png  used on input 
line 2366.
(pdftex.def)             Requested size: 241.70607pt x 185.6077pt.

Overfull \hbox (6.89977pt too wide) in paragraph at lines 2374--2375
[]\OT1/cmr/m/n/10 Les deux dis-tri-bu-tions sont re-la-ti-ve-ment si-mi-laires.
 La m^^Sethode NPEB ne semble pas ap-por-ter les am^^Seliorations
 []


LaTeX Warning: Hyper reference `result_times' on page 87 undefined on input lin
e 2379.


LaTeX Warning: Reference `result_times' on page 87 undefined on input line 2379
.

<figures/results/EB/latency_avg_s.png, id=1590, 397.485pt x 311.4837pt>
File: figures/results/EB/latency_avg_s.png Graphic file (type png)
<use figures/results/EB/latency_avg_s.png>
Package pdftex.def Info: figures/results/EB/latency_avg_s.png  used on input li
ne 2384.
(pdftex.def)             Requested size: 236.8746pt x 185.6274pt.
<figures/results/NPEB/latency_avg_s.png, id=1591, 397.485pt x 311.4837pt>
File: figures/results/NPEB/latency_avg_s.png Graphic file (type png)
<use figures/results/NPEB/latency_avg_s.png>
Package pdftex.def Info: figures/results/NPEB/latency_avg_s.png  used on input 
line 2390.
(pdftex.def)             Requested size: 241.70607pt x 189.41542pt.
[87 <./figures/results/EB/firsthop.hist.png> <./figures/results/NPEB/firsthop.h
ist.png> <./figures/results/EB/latency_avg_s.png> <./figures/results/NPEB/laten
cy_avg_s.png>]
<figures/results/EB/lifetime_AA_years.cdf.png, id=1607, 414.1071pt x 325.215pt>

File: figures/results/EB/lifetime_AA_years.cdf.png Graphic file (type png)
<use figures/results/EB/lifetime_AA_years.cdf.png>
Package pdftex.def Info: figures/results/EB/lifetime_AA_years.cdf.png  used on 
input line 2410.
(pdftex.def)             Requested size: 236.8746pt x 186.02951pt.
<figures/results/NPEB/lifetime_AA_years.cdf.png, id=1608, 414.1071pt x 325.215p
t>
File: figures/results/NPEB/lifetime_AA_years.cdf.png Graphic file (type png)
<use figures/results/NPEB/lifetime_AA_years.cdf.png>
Package pdftex.def Info: figures/results/NPEB/lifetime_AA_years.cdf.png  used o
n input line 2416.
(pdftex.def)             Requested size: 241.70607pt x 189.82571pt.
 [88 <./figures/results/EB/lifetime_AA_years.cdf.png> <./figures/results/NPEB/l
ifetime_AA_years.cdf.png>]
Underfull \hbox (badness 10000) in paragraph at lines 2438--2439

 []


Underfull \hbox (badness 10000) in paragraph at lines 2440--2441

 []


Underfull \hbox (badness 10000) in paragraph at lines 2442--2443

 []


Underfull \hbox (badness 10000) in paragraph at lines 2444--2445

 []


Underfull \hbox (badness 10000) in paragraph at lines 2446--2447

 []

[89]
Underfull \hbox (badness 10000) in paragraph at lines 2454--2455

 []

(./memoire.bbl [90

] [91

] [92])
Package atveryend Info: Empty hook `BeforeClearDocument' on input line 2463.
 [93]
Package atveryend Info: Empty hook `AfterLastShipout' on input line 2463.
 (./memoire.aux)
Package atveryend Info: Executing hook `AtVeryEndDocument' on input line 2463.
Package atveryend Info: Executing hook `AtEndAfterFileList' on input line 2463.

Package rerunfilecheck Info: File `memoire.out' has not changed.
(rerunfilecheck)             Checksum: 13893D0E18A38F251AD3E2BDCE37827D;4571.


LaTeX Warning: There were undefined references.

Package atveryend Info: Empty hook `AtVeryVeryEnd' on input line 2463.
 ) 
Here is how much of TeX's memory you used:
 11605 strings out of 482412
 180465 string characters out of 5948338
 474314 words of memory out of 5000000
 26665 multiletter control sequences out of 15000+600000
 543958 words of font info for 64 fonts, out of 8000000 for 9000
 81 hyphenation exceptions out of 8191
 50i,11n,48p,1680b,611s stack positions out of 5000i,500n,10000p,200000b,80000s
pdfTeX warning (dest): name{Hfootnote.4} has been referenced but does not exi
st, replaced by a fixed one

pdfTeX warning (dest): name{Hfootnote.3} has been referenced but does not exist
, replaced by a fixed one

pdfTeX warning (dest): name{cite.wiki\\penalty\040\\@M\040\040:6LoWPAN} has bee
n referenced but does not exist, replaced by a fixed one

pdfTeX warning (dest): name{Hfootnote.2} has been referenced but does not exist
, replaced by a fixed one

pdfTeX warning (dest): name{Hfootnote.1} has been referenced but does not exist
, replaced by a fixed one

</usr/share/texlive/texmf-dist/fonts/type1/public/amsfonts/cm/cmbx10.pfb></usr/
share/texlive/texmf-dist/fonts/type1/public/amsfonts/cm/cmbx12.pfb></usr/share/
texlive/texmf-dist/fonts/type1/public/amsfonts/cm/cmbx9.pfb></usr/share/texlive
/texmf-dist/fonts/type1/public/amsfonts/cm/cmbxti10.pfb></usr/share/texlive/tex
mf-dist/fonts/type1/public/amsfonts/cm/cmcsc10.pfb></usr/share/texlive/texmf-di
st/fonts/type1/public/amsfonts/cm/cmex10.pfb></usr/share/texlive/texmf-dist/fon
ts/type1/public/amsfonts/cm/cmitt10.pfb></usr/share/texlive/texmf-dist/fonts/ty
pe1/public/amsfonts/cm/cmmi10.pfb></usr/share/texlive/texmf-dist/fonts/type1/pu
blic/amsfonts/cm/cmmi7.pfb></usr/share/texlive/texmf-dist/fonts/type1/public/am
sfonts/cm/cmr10.pfb></usr/share/texlive/texmf-dist/fonts/type1/public/amsfonts/
cm/cmr12.pfb></usr/share/texlive/texmf-dist/fonts/type1/public/amsfonts/cm/cmr1
7.pfb></usr/share/texlive/texmf-dist/fonts/type1/public/amsfonts/cm/cmr7.pfb></
usr/share/texlive/texmf-dist/fonts/type1/public/amsfonts/cm/cmr8.pfb></usr/shar
e/texlive/texmf-dist/fonts/type1/public/amsfonts/cm/cmsy10.pfb></usr/share/texl
ive/texmf-dist/fonts/type1/public/amsfonts/cm/cmsy7.pfb></usr/share/texlive/tex
mf-dist/fonts/type1/public/amsfonts/cm/cmsy9.pfb></usr/share/texlive/texmf-dist
/fonts/type1/public/amsfonts/cm/cmti10.pfb></usr/share/texlive/texmf-dist/fonts
/type1/public/amsfonts/cm/cmti12.pfb></usr/share/texlive/texmf-dist/fonts/type1
/public/amsfonts/cm/cmti7.pfb></usr/share/texlive/texmf-dist/fonts/type1/public
/amsfonts/cm/cmtt10.pfb></usr/share/texlive/texmf-dist/fonts/type1/public/amsfo
nts/cm/cmtt8.pfb>
Output written on memoire.pdf (94 pages, 4869251 bytes).
PDF statistics:
 1820 PDF objects out of 2073 (max. 8388607)
 1555 compressed objects within 16 object streams
 390 named destinations out of 1000 (max. 500000)
 697 words of extra memory for PDF output out of 10000 (max. 10000000)

=======
This is pdfTeX, Version 3.14159265-2.6-1.40.18 (MiKTeX 2.9.6500 64-bit) (preloaded format=pdflatex 2017.12.7)  23 JUN 2020 17:21
entering extended mode
**./memoire.tex
(memoire.tex
LaTeX2e <2017-04-15>
Babel <3.15> and hyphenation patterns for 75 language(s) loaded.
("C:\Program Files\MiKTeX 2.9\tex\latex\base\report.cls"
Document Class: report 2014/09/29 v1.4h Standard LaTeX document class
("C:\Program Files\MiKTeX 2.9\tex\latex\base\size10.clo"
File: size10.clo 2014/09/29 v1.4h Standard LaTeX file (size option)
)
\c@part=\count79
\c@chapter=\count80
\c@section=\count81
\c@subsection=\count82
\c@subsubsection=\count83
\c@paragraph=\count84
\c@subparagraph=\count85
\c@figure=\count86
\c@table=\count87
\abovecaptionskip=\skip41
\belowcaptionskip=\skip42
\bibindent=\dimen102
)
("C:\Program Files\MiKTeX 2.9\tex\latex\base\inputenc.sty"
Package: inputenc 2015/03/17 v1.2c Input encoding file
\inpenc@prehook=\toks14
\inpenc@posthook=\toks15

("C:\Program Files\MiKTeX 2.9\tex\latex\base\utf8.def"
File: utf8.def 2017/01/28 v1.1t UTF-8 support for inputenc
Now handling font encoding OML ...
... no UTF-8 mapping file for font encoding OML
Now handling font encoding T1 ...
... processing UTF-8 mapping file for font encoding T1

("C:\Program Files\MiKTeX 2.9\tex\latex\base\t1enc.dfu"
File: t1enc.dfu 2017/01/28 v1.1t UTF-8 support for inputenc
   defining Unicode char U+00A0 (decimal 160)
   defining Unicode char U+00A1 (decimal 161)
   defining Unicode char U+00A3 (decimal 163)
   defining Unicode char U+00AB (decimal 171)
   defining Unicode char U+00AD (decimal 173)
   defining Unicode char U+00BB (decimal 187)
   defining Unicode char U+00BF (decimal 191)
   defining Unicode char U+00C0 (decimal 192)
   defining Unicode char U+00C1 (decimal 193)
   defining Unicode char U+00C2 (decimal 194)
   defining Unicode char U+00C3 (decimal 195)
   defining Unicode char U+00C4 (decimal 196)
   defining Unicode char U+00C5 (decimal 197)
   defining Unicode char U+00C6 (decimal 198)
   defining Unicode char U+00C7 (decimal 199)
   defining Unicode char U+00C8 (decimal 200)
   defining Unicode char U+00C9 (decimal 201)
   defining Unicode char U+00CA (decimal 202)
   defining Unicode char U+00CB (decimal 203)
   defining Unicode char U+00CC (decimal 204)
   defining Unicode char U+00CD (decimal 205)
   defining Unicode char U+00CE (decimal 206)
   defining Unicode char U+00CF (decimal 207)
   defining Unicode char U+00D0 (decimal 208)
   defining Unicode char U+00D1 (decimal 209)
   defining Unicode char U+00D2 (decimal 210)
   defining Unicode char U+00D3 (decimal 211)
   defining Unicode char U+00D4 (decimal 212)
   defining Unicode char U+00D5 (decimal 213)
   defining Unicode char U+00D6 (decimal 214)
   defining Unicode char U+00D8 (decimal 216)
   defining Unicode char U+00D9 (decimal 217)
   defining Unicode char U+00DA (decimal 218)
   defining Unicode char U+00DB (decimal 219)
   defining Unicode char U+00DC (decimal 220)
   defining Unicode char U+00DD (decimal 221)
   defining Unicode char U+00DE (decimal 222)
   defining Unicode char U+00DF (decimal 223)
   defining Unicode char U+00E0 (decimal 224)
   defining Unicode char U+00E1 (decimal 225)
   defining Unicode char U+00E2 (decimal 226)
   defining Unicode char U+00E3 (decimal 227)
   defining Unicode char U+00E4 (decimal 228)
   defining Unicode char U+00E5 (decimal 229)
   defining Unicode char U+00E6 (decimal 230)
   defining Unicode char U+00E7 (decimal 231)
   defining Unicode char U+00E8 (decimal 232)
   defining Unicode char U+00E9 (decimal 233)
   defining Unicode char U+00EA (decimal 234)
   defining Unicode char U+00EB (decimal 235)
   defining Unicode char U+00EC (decimal 236)
   defining Unicode char U+00ED (decimal 237)
   defining Unicode char U+00EE (decimal 238)
   defining Unicode char U+00EF (decimal 239)
   defining Unicode char U+00F0 (decimal 240)
   defining Unicode char U+00F1 (decimal 241)
   defining Unicode char U+00F2 (decimal 242)
   defining Unicode char U+00F3 (decimal 243)
   defining Unicode char U+00F4 (decimal 244)
   defining Unicode char U+00F5 (decimal 245)
   defining Unicode char U+00F6 (decimal 246)
   defining Unicode char U+00F8 (decimal 248)
   defining Unicode char U+00F9 (decimal 249)
   defining Unicode char U+00FA (decimal 250)
   defining Unicode char U+00FB (decimal 251)
   defining Unicode char U+00FC (decimal 252)
   defining Unicode char U+00FD (decimal 253)
   defining Unicode char U+00FE (decimal 254)
   defining Unicode char U+00FF (decimal 255)
   defining Unicode char U+0100 (decimal 256)
   defining Unicode char U+0101 (decimal 257)
   defining Unicode char U+0102 (decimal 258)
   defining Unicode char U+0103 (decimal 259)
   defining Unicode char U+0104 (decimal 260)
   defining Unicode char U+0105 (decimal 261)
   defining Unicode char U+0106 (decimal 262)
   defining Unicode char U+0107 (decimal 263)
   defining Unicode char U+0108 (decimal 264)
   defining Unicode char U+0109 (decimal 265)
   defining Unicode char U+010A (decimal 266)
   defining Unicode char U+010B (decimal 267)
   defining Unicode char U+010C (decimal 268)
   defining Unicode char U+010D (decimal 269)
   defining Unicode char U+010E (decimal 270)
   defining Unicode char U+010F (decimal 271)
   defining Unicode char U+0110 (decimal 272)
   defining Unicode char U+0111 (decimal 273)
   defining Unicode char U+0112 (decimal 274)
   defining Unicode char U+0113 (decimal 275)
   defining Unicode char U+0114 (decimal 276)
   defining Unicode char U+0115 (decimal 277)
   defining Unicode char U+0116 (decimal 278)
   defining Unicode char U+0117 (decimal 279)
   defining Unicode char U+0118 (decimal 280)
   defining Unicode char U+0119 (decimal 281)
   defining Unicode char U+011A (decimal 282)
   defining Unicode char U+011B (decimal 283)
   defining Unicode char U+011C (decimal 284)
   defining Unicode char U+011D (decimal 285)
   defining Unicode char U+011E (decimal 286)
   defining Unicode char U+011F (decimal 287)
   defining Unicode char U+0120 (decimal 288)
   defining Unicode char U+0121 (decimal 289)
   defining Unicode char U+0122 (decimal 290)
   defining Unicode char U+0123 (decimal 291)
   defining Unicode char U+0124 (decimal 292)
   defining Unicode char U+0125 (decimal 293)
   defining Unicode char U+0128 (decimal 296)
   defining Unicode char U+0129 (decimal 297)
   defining Unicode char U+012A (decimal 298)
   defining Unicode char U+012B (decimal 299)
   defining Unicode char U+012C (decimal 300)
   defining Unicode char U+012D (decimal 301)
   defining Unicode char U+012E (decimal 302)
   defining Unicode char U+012F (decimal 303)
   defining Unicode char U+0130 (decimal 304)
   defining Unicode char U+0131 (decimal 305)
   defining Unicode char U+0132 (decimal 306)
   defining Unicode char U+0133 (decimal 307)
   defining Unicode char U+0134 (decimal 308)
   defining Unicode char U+0135 (decimal 309)
   defining Unicode char U+0136 (decimal 310)
   defining Unicode char U+0137 (decimal 311)
   defining Unicode char U+0139 (decimal 313)
   defining Unicode char U+013A (decimal 314)
   defining Unicode char U+013B (decimal 315)
   defining Unicode char U+013C (decimal 316)
   defining Unicode char U+013D (decimal 317)
   defining Unicode char U+013E (decimal 318)
   defining Unicode char U+0141 (decimal 321)
   defining Unicode char U+0142 (decimal 322)
   defining Unicode char U+0143 (decimal 323)
   defining Unicode char U+0144 (decimal 324)
   defining Unicode char U+0145 (decimal 325)
   defining Unicode char U+0146 (decimal 326)
   defining Unicode char U+0147 (decimal 327)
   defining Unicode char U+0148 (decimal 328)
   defining Unicode char U+014A (decimal 330)
   defining Unicode char U+014B (decimal 331)
   defining Unicode char U+014C (decimal 332)
   defining Unicode char U+014D (decimal 333)
   defining Unicode char U+014E (decimal 334)
   defining Unicode char U+014F (decimal 335)
   defining Unicode char U+0150 (decimal 336)
   defining Unicode char U+0151 (decimal 337)
   defining Unicode char U+0152 (decimal 338)
   defining Unicode char U+0153 (decimal 339)
   defining Unicode char U+0154 (decimal 340)
   defining Unicode char U+0155 (decimal 341)
   defining Unicode char U+0156 (decimal 342)
   defining Unicode char U+0157 (decimal 343)
   defining Unicode char U+0158 (decimal 344)
   defining Unicode char U+0159 (decimal 345)
   defining Unicode char U+015A (decimal 346)
   defining Unicode char U+015B (decimal 347)
   defining Unicode char U+015C (decimal 348)
   defining Unicode char U+015D (decimal 349)
   defining Unicode char U+015E (decimal 350)
   defining Unicode char U+015F (decimal 351)
   defining Unicode char U+0160 (decimal 352)
   defining Unicode char U+0161 (decimal 353)
   defining Unicode char U+0162 (decimal 354)
   defining Unicode char U+0163 (decimal 355)
   defining Unicode char U+0164 (decimal 356)
   defining Unicode char U+0165 (decimal 357)
   defining Unicode char U+0168 (decimal 360)
   defining Unicode char U+0169 (decimal 361)
   defining Unicode char U+016A (decimal 362)
   defining Unicode char U+016B (decimal 363)
   defining Unicode char U+016C (decimal 364)
   defining Unicode char U+016D (decimal 365)
   defining Unicode char U+016E (decimal 366)
   defining Unicode char U+016F (decimal 367)
   defining Unicode char U+0170 (decimal 368)
   defining Unicode char U+0171 (decimal 369)
   defining Unicode char U+0172 (decimal 370)
   defining Unicode char U+0173 (decimal 371)
   defining Unicode char U+0174 (decimal 372)
   defining Unicode char U+0175 (decimal 373)
   defining Unicode char U+0176 (decimal 374)
   defining Unicode char U+0177 (decimal 375)
   defining Unicode char U+0178 (decimal 376)
   defining Unicode char U+0179 (decimal 377)
   defining Unicode char U+017A (decimal 378)
   defining Unicode char U+017B (decimal 379)
   defining Unicode char U+017C (decimal 380)
   defining Unicode char U+017D (decimal 381)
   defining Unicode char U+017E (decimal 382)
   defining Unicode char U+01CD (decimal 461)
   defining Unicode char U+01CE (decimal 462)
   defining Unicode char U+01CF (decimal 463)
   defining Unicode char U+01D0 (decimal 464)
   defining Unicode char U+01D1 (decimal 465)
   defining Unicode char U+01D2 (decimal 466)
   defining Unicode char U+01D3 (decimal 467)
   defining Unicode char U+01D4 (decimal 468)
   defining Unicode char U+01E2 (decimal 482)
   defining Unicode char U+01E3 (decimal 483)
   defining Unicode char U+01E6 (decimal 486)
   defining Unicode char U+01E7 (decimal 487)
   defining Unicode char U+01E8 (decimal 488)
   defining Unicode char U+01E9 (decimal 489)
   defining Unicode char U+01EA (decimal 490)
   defining Unicode char U+01EB (decimal 491)
   defining Unicode char U+01F0 (decimal 496)
   defining Unicode char U+01F4 (decimal 500)
   defining Unicode char U+01F5 (decimal 501)
   defining Unicode char U+0218 (decimal 536)
   defining Unicode char U+0219 (decimal 537)
   defining Unicode char U+021A (decimal 538)
   defining Unicode char U+021B (decimal 539)
   defining Unicode char U+0232 (decimal 562)
   defining Unicode char U+0233 (decimal 563)
   defining Unicode char U+1E02 (decimal 7682)
   defining Unicode char U+1E03 (decimal 7683)
   defining Unicode char U+200C (decimal 8204)
   defining Unicode char U+2010 (decimal 8208)
   defining Unicode char U+2011 (decimal 8209)
   defining Unicode char U+2012 (decimal 8210)
   defining Unicode char U+2013 (decimal 8211)
   defining Unicode char U+2014 (decimal 8212)
   defining Unicode char U+2015 (decimal 8213)
   defining Unicode char U+2018 (decimal 8216)
   defining Unicode char U+2019 (decimal 8217)
   defining Unicode char U+201A (decimal 8218)
   defining Unicode char U+201C (decimal 8220)
   defining Unicode char U+201D (decimal 8221)
   defining Unicode char U+201E (decimal 8222)
   defining Unicode char U+2030 (decimal 8240)
   defining Unicode char U+2031 (decimal 8241)
   defining Unicode char U+2039 (decimal 8249)
   defining Unicode char U+203A (decimal 8250)
   defining Unicode char U+2423 (decimal 9251)
   defining Unicode char U+1E20 (decimal 7712)
   defining Unicode char U+1E21 (decimal 7713)
)
Now handling font encoding OT1 ...
... processing UTF-8 mapping file for font encoding OT1

("C:\Program Files\MiKTeX 2.9\tex\latex\base\ot1enc.dfu"
File: ot1enc.dfu 2017/01/28 v1.1t UTF-8 support for inputenc
   defining Unicode char U+00A0 (decimal 160)
   defining Unicode char U+00A1 (decimal 161)
   defining Unicode char U+00A3 (decimal 163)
   defining Unicode char U+00AD (decimal 173)
   defining Unicode char U+00B8 (decimal 184)
   defining Unicode char U+00BF (decimal 191)
   defining Unicode char U+00C5 (decimal 197)
   defining Unicode char U+00C6 (decimal 198)
   defining Unicode char U+00D8 (decimal 216)
   defining Unicode char U+00DF (decimal 223)
   defining Unicode char U+00E6 (decimal 230)
   defining Unicode char U+00EC (decimal 236)
   defining Unicode char U+00ED (decimal 237)
   defining Unicode char U+00EE (decimal 238)
   defining Unicode char U+00EF (decimal 239)
   defining Unicode char U+00F8 (decimal 248)
   defining Unicode char U+0131 (decimal 305)
   defining Unicode char U+0141 (decimal 321)
   defining Unicode char U+0142 (decimal 322)
   defining Unicode char U+0152 (decimal 338)
   defining Unicode char U+0153 (decimal 339)
   defining Unicode char U+0174 (decimal 372)
   defining Unicode char U+0175 (decimal 373)
   defining Unicode char U+0176 (decimal 374)
   defining Unicode char U+0177 (decimal 375)
   defining Unicode char U+0218 (decimal 536)
   defining Unicode char U+0219 (decimal 537)
   defining Unicode char U+021A (decimal 538)
   defining Unicode char U+021B (decimal 539)
   defining Unicode char U+2013 (decimal 8211)
   defining Unicode char U+2014 (decimal 8212)
   defining Unicode char U+2018 (decimal 8216)
   defining Unicode char U+2019 (decimal 8217)
   defining Unicode char U+201C (decimal 8220)
   defining Unicode char U+201D (decimal 8221)
)
Now handling font encoding OMS ...
... processing UTF-8 mapping file for font encoding OMS

("C:\Program Files\MiKTeX 2.9\tex\latex\base\omsenc.dfu"
File: omsenc.dfu 2017/01/28 v1.1t UTF-8 support for inputenc
   defining Unicode char U+00A7 (decimal 167)
   defining Unicode char U+00B6 (decimal 182)
   defining Unicode char U+00B7 (decimal 183)
   defining Unicode char U+2020 (decimal 8224)
   defining Unicode char U+2021 (decimal 8225)
   defining Unicode char U+2022 (decimal 8226)
)
Now handling font encoding OMX ...
... no UTF-8 mapping file for font encoding OMX
Now handling font encoding U ...
... no UTF-8 mapping file for font encoding U
   defining Unicode char U+00A9 (decimal 169)
   defining Unicode char U+00AA (decimal 170)
   defining Unicode char U+00AE (decimal 174)
   defining Unicode char U+00BA (decimal 186)
   defining Unicode char U+02C6 (decimal 710)
   defining Unicode char U+02DC (decimal 732)
   defining Unicode char U+200C (decimal 8204)
   defining Unicode char U+2026 (decimal 8230)
   defining Unicode char U+2122 (decimal 8482)
   defining Unicode char U+2423 (decimal 9251)
))
("C:\Program Files\MiKTeX 2.9\tex\latex\eurosym\eurosym.sty"
Package: eurosym 1998/08/06 v1.1 European currency symbol ``Euro''
\@eurobox=\box26
)
("C:\Program Files\MiKTeX 2.9\tex\latex\geometry\geometry.sty"
Package: geometry 2010/09/12 v5.6 Page Geometry

("C:\Program Files\MiKTeX 2.9\tex\latex\graphics\keyval.sty"
Package: keyval 2014/10/28 v1.15 key=value parser (DPC)
\KV@toks@=\toks16
)
("C:\Program Files\MiKTeX 2.9\tex\generic\oberdiek\ifpdf.sty"
Package: ifpdf 2017/03/15 v3.2 Provides the ifpdf switch
)
("C:\Program Files\MiKTeX 2.9\tex\generic\oberdiek\ifvtex.sty"
Package: ifvtex 2016/05/16 v1.6 Detect VTeX and its facilities (HO)
Package ifvtex Info: VTeX not detected.
)
("C:\Program Files\MiKTeX 2.9\tex\generic\ifxetex\ifxetex.sty"
Package: ifxetex 2010/09/12 v0.6 Provides ifxetex conditional
)
\Gm@cnth=\count88
\Gm@cntv=\count89
\c@Gm@tempcnt=\count90
\Gm@bindingoffset=\dimen103
\Gm@wd@mp=\dimen104
\Gm@odd@mp=\dimen105
\Gm@even@mp=\dimen106
\Gm@layoutwidth=\dimen107
\Gm@layoutheight=\dimen108
\Gm@layouthoffset=\dimen109
\Gm@layoutvoffset=\dimen110
\Gm@dimlist=\toks17

("C:\Program Files\MiKTeX 2.9\tex\latex\geometry\geometry.cfg"))
("C:\Program Files\MiKTeX 2.9\tex\latex\graphics\graphicx.sty"
Package: graphicx 2017/06/01 v1.1a Enhanced LaTeX Graphics (DPC,SPQR)

("C:\Program Files\MiKTeX 2.9\tex\latex\graphics\graphics.sty"
Package: graphics 2017/06/25 v1.2c Standard LaTeX Graphics (DPC,SPQR)

("C:\Program Files\MiKTeX 2.9\tex\latex\graphics\trig.sty"
Package: trig 2016/01/03 v1.10 sin cos tan (DPC)
)
("C:\Program Files\MiKTeX 2.9\tex\latex\graphics-cfg\graphics.cfg"
File: graphics.cfg 2016/06/04 v1.11 sample graphics configuration
)
Package graphics Info: Driver file: pdftex.def on input line 99.

("C:\Program Files\MiKTeX 2.9\tex\latex\graphics-def\pdftex.def"
File: pdftex.def 2017/06/24 v1.0g Graphics/color driver for pdftex
))
\Gin@req@height=\dimen111
\Gin@req@width=\dimen112
)
("C:\Program Files\MiKTeX 2.9\tex\generic\babel\babel.sty"
Package: babel 2017/11/03 3.15 The Babel package

("C:\Program Files\MiKTeX 2.9\tex\generic\babel\switch.def"
File: switch.def 2017/11/03 3.15 Babel switching mechanism
)
*************************************
* Local config file bblopts.cfg used
*
("C:\Program Files\MiKTeX 2.9\tex\latex\arabi\bblopts.cfg"
File: bblopts.cfg 2005/09/08 v0.1 add Arabic and Farsi to "declared" options of
 babel
)
("C:\Program Files\MiKTeX 2.9\tex\generic\babel-french\french.ldf"
Language: french 2017/10/19 v3.3d French support from the babel system

("C:\Program Files\MiKTeX 2.9\tex\generic\babel\babel.def"
File: babel.def 2017/11/03 3.15 Babel common definitions

("C:\Program Files\MiKTeX 2.9\tex\generic\babel\switch.def"
File: switch.def 2017/11/03 3.15 Babel switching mechanism
)
\babel@savecnt=\count91
\U@D=\dimen113
)
\FB@nonchar=\count92
\FBcolonsp=\toks18
\FBthinsp=\toks19
Package babel Info: Making : an active character on input line 322.
Package babel Info: Making ; an active character on input line 323.
Package babel Info: Making ! an active character on input line 324.
Package babel Info: Making ? an active character on input line 325.
\FBguillsp=\toks20
\FBguill@level=\count93
\FB@everypar=\toks21
\FB@Mht=\dimen114
\mc@charclass=\count94
\mc@charfam=\count95
\mc@charslot=\count96
\std@mcc=\count97
\dec@mcc=\count98
\c@FBcaption@count=\count99
\listindentFB=\skip43
\descindentFB=\skip44
\labelwidthFB=\skip45
\leftmarginFB=\skip46
\parindentFFN=\dimen115
\FBfnindent=\skip47
))
("C:\Program Files\MiKTeX 2.9\tex\latex\carlisle\scalefnt.sty")
("C:\Program Files\MiKTeX 2.9\tex\latex\url\url.sty"
\Urlmuskip=\muskip10
Package: url 2013/09/16  ver 3.4  Verb mode for urls, etc.
)
("C:\Program Files\MiKTeX 2.9\tex\latex\hyperref\hyperref.sty"
Package: hyperref 2017/03/14 v6.85a Hypertext links for LaTeX

("C:\Program Files\MiKTeX 2.9\tex\generic\oberdiek\hobsub-hyperref.sty"
Package: hobsub-hyperref 2016/05/16 v1.14 Bundle oberdiek, subset hyperref (HO)


("C:\Program Files\MiKTeX 2.9\tex\generic\oberdiek\hobsub-generic.sty"
Package: hobsub-generic 2016/05/16 v1.14 Bundle oberdiek, subset generic (HO)
Package: hobsub 2016/05/16 v1.14 Construct package bundles (HO)
Package: infwarerr 2016/05/16 v1.4 Providing info/warning/error messages (HO)
Package: ltxcmds 2016/05/16 v1.23 LaTeX kernel commands for general use (HO)
Package: ifluatex 2016/05/16 v1.4 Provides the ifluatex switch (HO)
Package ifluatex Info: LuaTeX not detected.
Package hobsub Info: Skipping package `ifvtex' (already loaded).
Package: intcalc 2016/05/16 v1.2 Expandable calculations with integers (HO)
Package hobsub Info: Skipping package `ifpdf' (already loaded).
Package: etexcmds 2016/05/16 v1.6 Avoid name clashes with e-TeX commands (HO)
Package etexcmds Info: Could not find \expanded.
(etexcmds)             That can mean that you are not using pdfTeX 1.50 or
(etexcmds)             that some package has redefined \expanded.
(etexcmds)             In the latter case, load this package earlier.
Package: kvsetkeys 2016/05/16 v1.17 Key value parser (HO)
Package: kvdefinekeys 2016/05/16 v1.4 Define keys (HO)
Package: pdftexcmds 2017/03/19 v0.25 Utility functions of pdfTeX for LuaTeX (HO
)
Package pdftexcmds Info: LuaTeX not detected.
Package pdftexcmds Info: \pdf@primitive is available.
Package pdftexcmds Info: \pdf@ifprimitive is available.
Package pdftexcmds Info: \pdfdraftmode found.
Package: pdfescape 2016/05/16 v1.14 Implements pdfTeX's escape features (HO)
Package: bigintcalc 2016/05/16 v1.4 Expandable calculations on big integers (HO
)
Package: bitset 2016/05/16 v1.2 Handle bit-vector datatype (HO)
Package: uniquecounter 2016/05/16 v1.3 Provide unlimited unique counter (HO)
)
Package hobsub Info: Skipping package `hobsub' (already loaded).
Package: letltxmacro 2016/05/16 v1.5 Let assignment for LaTeX macros (HO)
Package: hopatch 2016/05/16 v1.3 Wrapper for package hooks (HO)
Package: xcolor-patch 2016/05/16 xcolor patch
Package: atveryend 2016/05/16 v1.9 Hooks at the very end of document (HO)
Package atveryend Info: \enddocument detected (standard20110627).
Package: atbegshi 2016/06/09 v1.18 At begin shipout hook (HO)
Package: refcount 2016/05/16 v3.5 Data extraction from label references (HO)
Package: hycolor 2016/05/16 v1.8 Color options for hyperref/bookmark (HO)
)
("C:\Program Files\MiKTeX 2.9\tex\latex\oberdiek\auxhook.sty"
Package: auxhook 2016/05/16 v1.4 Hooks for auxiliary files (HO)
)
("C:\Program Files\MiKTeX 2.9\tex\latex\oberdiek\kvoptions.sty"
Package: kvoptions 2016/05/16 v3.12 Key value format for package options (HO)
)
\@linkdim=\dimen116
\Hy@linkcounter=\count100
\Hy@pagecounter=\count101

("C:\Program Files\MiKTeX 2.9\tex\latex\hyperref\pd1enc.def"
File: pd1enc.def 2017/03/14 v6.85a Hyperref: PDFDocEncoding definition (HO)
Now handling font encoding PD1 ...
... no UTF-8 mapping file for font encoding PD1
)
\Hy@SavedSpaceFactor=\count102

("C:\Program Files\MiKTeX 2.9\tex\latex\00miktex\hyperref.cfg"
File: hyperref.cfg 2002/06/06 v1.2 hyperref configuration of TeXLive
)
Package hyperref Info: Option `colorlinks' set `true' on input line 4374.
Package hyperref Info: Hyper figures OFF on input line 4498.
Package hyperref Info: Link nesting OFF on input line 4503.
Package hyperref Info: Hyper index ON on input line 4506.
Package hyperref Info: Plain pages OFF on input line 4513.
Package hyperref Info: Backreferencing OFF on input line 4518.
Package hyperref Info: Implicit mode ON; LaTeX internals redefined.
Package hyperref Info: Bookmarks ON on input line 4751.
\c@Hy@tempcnt=\count103
LaTeX Info: Redefining \url on input line 5104.
\XeTeXLinkMargin=\dimen117
\Fld@menulength=\count104
\Field@Width=\dimen118
\Fld@charsize=\dimen119
Package hyperref Info: Hyper figures OFF on input line 6358.
Package hyperref Info: Link nesting OFF on input line 6363.
Package hyperref Info: Hyper index ON on input line 6366.
Package hyperref Info: backreferencing OFF on input line 6373.
Package hyperref Info: Link coloring ON on input line 6376.
Package hyperref Info: Link coloring with OCG OFF on input line 6383.
Package hyperref Info: PDF/A mode OFF on input line 6388.
LaTeX Info: Redefining \ref on input line 6428.
LaTeX Info: Redefining \pageref on input line 6432.
\Hy@abspage=\count105
\c@Item=\count106
\c@Hfootnote=\count107
)

Package hyperref Message: Driver (autodetected): hpdftex.

("C:\Program Files\MiKTeX 2.9\tex\latex\hyperref\hpdftex.def"
File: hpdftex.def 2017/03/14 v6.85a Hyperref driver for pdfTeX
\Fld@listcount=\count108
\c@bookmark@seq@number=\count109

("C:\Program Files\MiKTeX 2.9\tex\latex\oberdiek\rerunfilecheck.sty"
Package: rerunfilecheck 2016/05/16 v1.8 Rerun checks for auxiliary files (HO)
Package uniquecounter Info: New unique counter `rerunfilecheck' on input line 2
82.
)
\Hy@SectionHShift=\skip48
)
("C:\Program Files\MiKTeX 2.9\tex\latex\graphics\color.sty"
Package: color 2016/07/10 v1.1e Standard LaTeX Color (DPC)

("C:\Program Files\MiKTeX 2.9\tex\latex\graphics-cfg\color.cfg"
File: color.cfg 2016/01/02 v1.6 sample color configuration
)
Package color Info: Driver file: pdftex.def on input line 147.
)
("C:\Program Files\MiKTeX 2.9\tex\latex\xcolor\xcolor.sty"
Package: xcolor 2016/05/11 v2.12 LaTeX color extensions (UK)

("C:\Program Files\MiKTeX 2.9\tex\latex\graphics-cfg\color.cfg"
File: color.cfg 2016/01/02 v1.6 sample color configuration
)
Package xcolor Info: Driver file: pdftex.def on input line 225.
LaTeX Info: Redefining \color on input line 709.
Package xcolor Info: Model `cmy' substituted by `cmy0' on input line 1348.
Package xcolor Info: Model `hsb' substituted by `rgb' on input line 1352.
Package xcolor Info: Model `RGB' extended on input line 1364.
Package xcolor Info: Model `HTML' substituted by `rgb' on input line 1366.
Package xcolor Info: Model `Hsb' substituted by `hsb' on input line 1367.
Package xcolor Info: Model `tHsb' substituted by `hsb' on input line 1368.
Package xcolor Info: Model `HSB' substituted by `hsb' on input line 1369.
Package xcolor Info: Model `Gray' substituted by `gray' on input line 1370.
Package xcolor Info: Model `wave' substituted by `hsb' on input line 1371.

("C:\Program Files\MiKTeX 2.9\tex\latex\graphics\dvipsnam.def"
File: dvipsnam.def 2016/06/17 v3.0m Driver-dependent file (DPC,SPQR)
))
("C:\Program Files\MiKTeX 2.9\tex\latex\titling\titling.sty"
Package: titling 2009/09/04 v2.1d maketitle typesetting
\thanksmarkwidth=\skip49
\thanksmargin=\skip50
\droptitle=\skip51
)
("C:\Program Files\MiKTeX 2.9\tex\latex\subfig\subfig.sty"
Package: subfig 2005/06/28 ver: 1.3 subfig package

("C:\Program Files\MiKTeX 2.9\tex\latex\caption\caption.sty"
Package: caption 2018/10/06 v3.3-154 Customizing captions (AR)

("C:\Program Files\MiKTeX 2.9\tex\latex\caption\caption3.sty"
Package: caption3 2018/09/12 v1.8c caption3 kernel (AR)
Package caption3 Info: TeX engine: e-TeX on input line 64.
\captionmargin=\dimen120
\captionmargin@=\dimen121
\captionwidth=\dimen122
\caption@tempdima=\dimen123
\caption@indent=\dimen124
\caption@parindent=\dimen125
\caption@hangindent=\dimen126
)
\c@caption@flags=\count110
\c@ContinuedFloat=\count111
Package caption Info: hyperref package is loaded.
)
\c@KVtest=\count112
\sf@farskip=\skip52
\sf@captopadj=\dimen127
\sf@capskip=\skip53
\sf@nearskip=\skip54
\c@subfigure=\count113
\c@subfigure@save=\count114
\c@lofdepth=\count115
\c@subtable=\count116
\c@subtable@save=\count117
\c@lotdepth=\count118
\sf@top=\skip55
\sf@bottom=\skip56
)
("C:\Program Files\MiKTeX 2.9\tex\latex\footmisc\footmisc.sty"
Package: footmisc 2011/06/06 v5.5b a miscellany of footnote facilities
\FN@temptoken=\toks22
\footnotemargin=\dimen128
\c@pp@next@reset=\count119
Package footmisc Info: Declaring symbol style bringhurst on input line 855.
Package footmisc Info: Declaring symbol style chicago on input line 863.
Package footmisc Info: Declaring symbol style wiley on input line 872.
Package footmisc Info: Declaring symbol style lamport-robust on input line 883.

Package footmisc Info: Declaring symbol style lamport* on input line 903.
Package footmisc Info: Declaring symbol style lamport*-robust on input line 924
.
)
("C:\Program Files\MiKTeX 2.9\tex\latex\amsmath\amsmath.sty"
Package: amsmath 2017/09/02 v2.17a AMS math features
\@mathmargin=\skip57

For additional information on amsmath, use the `?' option.
("C:\Program Files\MiKTeX 2.9\tex\latex\amsmath\amstext.sty"
Package: amstext 2000/06/29 v2.01 AMS text

("C:\Program Files\MiKTeX 2.9\tex\latex\amsmath\amsgen.sty"
File: amsgen.sty 1999/11/30 v2.0 generic functions
\@emptytoks=\toks23
\ex@=\dimen129
))
("C:\Program Files\MiKTeX 2.9\tex\latex\amsmath\amsbsy.sty"
Package: amsbsy 1999/11/29 v1.2d Bold Symbols
\pmbraise@=\dimen130
)
("C:\Program Files\MiKTeX 2.9\tex\latex\amsmath\amsopn.sty"
Package: amsopn 2016/03/08 v2.02 operator names
)
\inf@bad=\count120
LaTeX Info: Redefining \frac on input line 213.
\uproot@=\count121
\leftroot@=\count122
LaTeX Info: Redefining \overline on input line 375.
\classnum@=\count123
\DOTSCASE@=\count124
LaTeX Info: Redefining \ldots on input line 472.
LaTeX Info: Redefining \dots on input line 475.
LaTeX Info: Redefining \cdots on input line 596.
\Mathstrutbox@=\box27
\strutbox@=\box28
\big@size=\dimen131
LaTeX Font Info:    Redeclaring font encoding OML on input line 712.
LaTeX Font Info:    Redeclaring font encoding OMS on input line 713.
\macc@depth=\count125
\c@MaxMatrixCols=\count126
\dotsspace@=\muskip11
\c@parentequation=\count127
\dspbrk@lvl=\count128
\tag@help=\toks24
\row@=\count129
\column@=\count130
\maxfields@=\count131
\andhelp@=\toks25
\eqnshift@=\dimen132
\alignsep@=\dimen133
\tagshift@=\dimen134
\tagwidth@=\dimen135
\totwidth@=\dimen136
\lineht@=\dimen137
\@envbody=\toks26
\multlinegap=\skip58
\multlinetaggap=\skip59
\mathdisplay@stack=\toks27
LaTeX Info: Redefining \[ on input line 2817.
LaTeX Info: Redefining \] on input line 2818.
)
("C:\Program Files\MiKTeX 2.9\tex\latex\enumitem\enumitem.sty"
Package: enumitem 2011/09/28 v3.5.2 Customized lists
\labelindent=\skip60
\enit@outerparindent=\dimen138
\enit@toks=\toks28
\enit@inbox=\box29
\enitdp@description=\count132
)
("C:\Program Files\MiKTeX 2.9\tex\latex\algorithms\algorithm.sty"
Package: algorithm 2009/08/24 v0.1 Document Style `algorithm' - floating enviro
nment

("C:\Program Files\MiKTeX 2.9\tex\latex\float\float.sty"
Package: float 2001/11/08 v1.3d Float enhancements (AL)
\c@float@type=\count133
\float@exts=\toks29
\float@box=\box30
\@float@everytoks=\toks30
\@floatcapt=\box31
)
("C:\Program Files\MiKTeX 2.9\tex\latex\base\ifthen.sty"
Package: ifthen 2014/09/29 v1.1c Standard LaTeX ifthen package (DPC)
)
\@float@every@algorithm=\toks31
\c@algorithm=\count134
)

! LaTeX Error: File `algpseudocode.sty' not found.

Type X to quit or <RETURN> to proceed,
or enter new name. (Default extension: sty)

Enter file name: 
! Emergency stop.
<read *> 
         
l.26 \floatname
               {algorithm}{Procdure}
*** (cannot \read from terminal in nonstop modes)

 
Here is how much of TeX's memory you used:
 9246 strings out of 493312
 136018 string characters out of 3138902
 248435 words of memory out of 3000000
 12711 multiletter control sequences out of 15000+200000
 3640 words of font info for 14 fonts, out of 3000000 for 9000
 1141 hyphenation exceptions out of 8191
 44i,0n,42p,239b,423s stack positions out of 5000i,500n,10000p,200000b,50000s
!  ==> Fatal error occurred, no output PDF file produced!
>>>>>>> 4a17d36652b70ff5a95f62e445afa13100c2930a
